[13:45:54] [main/INFO]: Loading Minecraft 1.21 with Fabric Loader 0.15.11
[13:45:54] [ForkJoinPool-1-worker-3/WARN]: Mod novaultlimit uses the version r1.0.0-1.21 which isn't compatible with Loader's extended semantic version format (Could not parse version number component 'r1'!), SemVer is recommended for reliably evaluating dependencies and prioritizing newer version
[13:45:54] [ForkJoinPool-1-worker-2/WARN]: Mod travelersbackpack uses the version fabric-1.21-10.0.3 which isn't compatible with Loader's extended semantic version format (Could not parse version number component 'fabric'!), SemVer is recommended for reliably evaluating dependencies and prioritizing newer version
[13:45:55] [ForkJoinPool-1-worker-2/WARN]: Mod customspeed uses the version 2.0.1c-1.21 which isn't compatible with Loader's extended semantic version format (Could not parse version number component '1c'!), SemVer is recommended for reliably evaluating dependencies and prioritizing newer version
[13:45:55] [ForkJoinPool-1-worker-2/WARN]: Mod fabric_common uses the version unspecified which isn't compatible with Loader's extended semantic version format (Could not parse version number component 'unspecified'!), SemVer is recommended for reliably evaluating dependencies and prioritizing newer version
[13:45:55] [main/INFO]: Loading 157 mods:
	- amplified_nether 1.2.5
	- architectury 13.0.1
	- auto-workstations 1.0-rc.25
	- balm-fabric 21.0.11
	   \-- kuma_api 21.0.4
	- basic_fluid_hopper 0.1-1.21
	- better-chests 0.0.3+1.21
	   |-- aopalliance_aopalliance 1.0
	   |-- com_google_inject_extensions_guice-assistedinject 7.0.0
	   |-- com_google_inject_guice 7.0.0
	   |-- fabric_common unspecified
	   \-- jakarta_inject_jakarta_inject-api 2.0.1
	- betterbeaconplacement 3.3
	- betterthanmending 2.1.0
	- cardinal-components 6.1.0
	   |-- cardinal-components-base 6.1.0
	   |-- cardinal-components-block 6.1.0
	   |-- cardinal-components-chunk 6.1.0
	   |-- cardinal-components-entity 6.1.0
	   |-- cardinal-components-item 6.1.0
	   |-- cardinal-components-level 6.1.0
	   |-- cardinal-components-scoreboard 6.1.0
	   \-- cardinal-components-world 6.1.0
	- carpet 1.4.147+v240613
	- carpet-extra 1.4.147
	- chunky 1.4.16
	- cicada 0.8.0+1.21-and-above
	- cloth-config 15.0.127
	   \-- cloth-basic-math 0.6.1
	- clumps 18.0.0.1
	- cog 2.1.0+1.21
	- collective 7.64
	- copperhopper 0.9.3+1.21
	- customspeed 2.0.1c-1.21
	- explorify 1.6.1
	- fabric-api 0.100.3+1.21
	   |-- fabric-api-base 0.4.42+6573ed8cd1
	   |-- fabric-api-lookup-api-v1 1.6.67+b5597344d1
	   |-- fabric-biome-api-v1 13.0.28+6fc22b99d1
	   |-- fabric-block-api-v1 1.0.22+0af3f5a7d1
	   |-- fabric-block-view-api-v2 1.0.10+6573ed8cd1
	   |-- fabric-blockrenderlayer-v1 1.1.52+0af3f5a7d1
	   |-- fabric-client-tags-api-v1 1.1.15+6573ed8cd1
	   |-- fabric-command-api-v1 1.2.48+f71b366fd1
	   |-- fabric-command-api-v2 2.2.27+6a6dfa19d1
	   |-- fabric-commands-v0 0.2.65+df3654b3d1
	   |-- fabric-content-registries-v0 8.0.13+b5597344d1
	   |-- fabric-convention-tags-v1 2.0.14+7f945d5bd1
	   |-- fabric-convention-tags-v2 2.3.1+8a3b5617d1
	   |-- fabric-crash-report-info-v1 0.2.29+0af3f5a7d1
	   |-- fabric-data-attachment-api-v1 1.1.23+6a6dfa19d1
	   |-- fabric-data-generation-api-v1 20.2.8+16c4ae25d1
	   |-- fabric-dimensions-v1 4.0.0+6fc22b99d1
	   |-- fabric-entity-events-v1 1.6.12+6fc22b99d1
	   |-- fabric-events-interaction-v0 0.7.10+e633f883d1
	   |-- fabric-game-rule-api-v1 1.0.52+6573ed8cd1
	   |-- fabric-item-api-v1 11.0.0+afdfc921d1
	   |-- fabric-item-group-api-v1 4.1.1+cb5ced13d1
	   |-- fabric-key-binding-api-v1 1.0.47+0af3f5a7d1
	   |-- fabric-keybindings-v0 0.2.45+df3654b3d1
	   |-- fabric-lifecycle-events-v1 2.3.11+8f3583aed1
	   |-- fabric-loot-api-v2 3.0.10+6573ed8cd1
	   |-- fabric-message-api-v1 6.0.13+6573ed8cd1
	   |-- fabric-model-loading-api-v1 2.0.0+fe474d6bd1
	   |-- fabric-networking-api-v1 4.2.0+ab7edbacd1
	   |-- fabric-object-builder-api-v1 15.1.11+d1321076d1
	   |-- fabric-particles-v1 4.0.2+6573ed8cd1
	   |-- fabric-recipe-api-v1 5.0.9+6573ed8cd1
	   |-- fabric-registry-sync-v0 5.0.22+ab7edbacd1
	   |-- fabric-renderer-api-v1 3.2.16+fe474d6bd1
	   |-- fabric-renderer-indigo 1.6.4+48fb1586d1
	   |-- fabric-renderer-registries-v1 3.2.66+df3654b3d1
	   |-- fabric-rendering-data-attachment-v1 0.3.48+73761d2ed1
	   |-- fabric-rendering-fluids-v1 3.1.6+b5597344d1
	   |-- fabric-rendering-v0 1.1.69+df3654b3d1
	   |-- fabric-rendering-v1 5.0.3+d1321076d1
	   |-- fabric-resource-conditions-api-v1 4.2.1+d153f344d1
	   |-- fabric-resource-loader-v0 1.1.4+cb5ced13d1
	   |-- fabric-screen-api-v1 2.0.24+b5597344d1
	   |-- fabric-screen-handler-api-v1 1.3.79+b5597344d1
	   |-- fabric-sound-api-v1 1.0.23+6573ed8cd1
	   |-- fabric-transfer-api-v1 5.1.14+b5597344d1
	   \-- fabric-transitive-access-wideners-v1 6.0.12+6573ed8cd1
	- fabric-language-kotlin 1.11.0+kotlin.2.0.0
	   |-- org_jetbrains_kotlin_kotlin-reflect 2.0.0
	   |-- org_jetbrains_kotlin_kotlin-stdlib 2.0.0
	   |-- org_jetbrains_kotlin_kotlin-stdlib-jdk7 2.0.0
	   |-- org_jetbrains_kotlin_kotlin-stdlib-jdk8 2.0.0
	   |-- org_jetbrains_kotlinx_atomicfu-jvm 0.24.0
	   |-- org_jetbrains_kotlinx_kotlinx-coroutines-core-jvm 1.8.1
	   |-- org_jetbrains_kotlinx_kotlinx-coroutines-jdk8 1.8.1
	   |-- org_jetbrains_kotlinx_kotlinx-datetime-jvm 0.6.0
	   |-- org_jetbrains_kotlinx_kotlinx-serialization-cbor-jvm 1.6.3
	   |-- org_jetbrains_kotlinx_kotlinx-serialization-core-jvm 1.6.3
	   \-- org_jetbrains_kotlinx_kotlinx-serialization-json-jvm 1.6.3
	- fabricloader 0.15.11
	   \-- mixinextras 0.3.5
	- glitchcore 2.0.0.1
	   |-- com_electronwill_night-config_core 3.6.7
	   |-- com_electronwill_night-config_toml 3.6.7
	   \-- net_jodah_typetools 0.6.3
	- grindenchantments 3.2.2+1.21-rc1
	   \-- codec-config-api 2.0.0+1.20.5-rc3
	- hopobettermineshaft 1.2.4
	- infinitetrading 4.4
	- jade 15.0.4+fabric
	- java 21
	- lavasand 1.21-1-fabric
	- libertyvillagers 1.0.15+fabric+1.21
	   \-- server_translations_api 2.3.1+1.21-pre2
	- mcwbridges 3.0.0
	- mine-spawners 1.0
	- minecraft 1.21
	- minitweaks 1.5.0
	- monkeylib538 2.0.0
	   \-- monkeylib538-common 2.0.0
	        \-- blue_endless_jankson 1.2.3
	- mr_true_ending 1-v1.1.2a
	- nerb 0.4
	- netherportalfix 21.0.2
	- noexpensive 1.21-1.9.0
	- novaultlimit r1.0.0-1.21
	- nullscape 1.2.6
	- omnihopper 2.3.2+1.21
	   \-- cooldown-coordinator 0.7.2
	- quartzelv 2.3.0+1.21
	- quickcurefabricrewrite 1.0.1-1.21
	- rain-grow 1.2
	- reinfbarrel 2.5.1+1.21
	   \-- reinfcore 4.0.1+1.21
	- reinfchest 3.0.1+1.21
	   \-- reinfcore 4.0.1+1.21
	- roughlyenoughitems 16.0.729
	   \-- error_notifier 1.0.9
	- sereneseasons 10.0.0.2
	   |-- com_electronwill_night-config_core 3.6.7
	   |-- com_electronwill_night-config_toml 3.6.7
	   \-- net_jodah_typetools 0.6.3
	- silk-all 1.10.7
	   |-- silk-commands 1.10.7
	   |-- silk-core 1.10.7
	   |-- silk-game 1.10.7
	   |-- silk-igui 1.10.7
	   |-- silk-nbt 1.10.7
	   |-- silk-network 1.10.7
	   \-- silk-persistence 1.10.7
	- simpleprivatechest 1.0.4
	- squatgrow 21.0.0+mc1.21
	- taxfreelevels 1.3.12
	- toms_storage 2.0.4
	   |-- cardinal-components-base 6.1.0
	   \-- cardinal-components-block 6.1.0
	- tpcommands 1.0.1
	- trade_cycling 1.21-1.0.12
	   |-- fabric-key-binding-api-v1 1.0.47+0af3f5a790
	   \-- fabric-screen-api-v1 2.0.24+b559734490
	- travelersbackpack fabric-1.21-10.0.3
	- treeharvester 8.9
	- universal-graves 3.4.1+1.21
	   |-- common-protection-api 1.0.0
	   |-- fabric-permissions-api-v0 0.2-SNAPSHOT
	   |-- placeholder-api 2.4.0-pre.2+1.21
	   |-- polymer-core 0.9.2+1.21
	   |    |-- polymer-networking 0.9.2+1.21
	   |    |    \-- polymer-common 0.9.2+1.21
	   |    |         \-- packet_tweaker 0.5.4+1.20.6
	   |    \-- polymer-registry-sync-manipulator 0.9.2+1.21
	   |-- polymer-resource-pack 0.9.2+1.21
	   |    \-- polymer-common 0.9.2+1.21
	   |         \-- packet_tweaker 0.5.4+1.20.6
	   |-- polymer-virtual-entity 0.9.2+1.21
	   |    \-- polymer-common 0.9.2+1.21
	   |         \-- packet_tweaker 0.5.4+1.20.6
	   |-- predicate-api 0.5.1+1.21
	   |-- server_translations_api 2.3.1+1.21-pre2
	   \-- sgui 1.6.0+1.21
	- veinminer 2.0.7
	   |-- de_miraculixx_core 2.0.7
	   \-- fabric-permissions-api-v0 0.2-SNAPSHOT
	- villager-pickup 1.1.2
	- worldedit 7.3.4-beta-01+0452ca2
	   |-- fabric-api-base 0.4.42+6573ed8cd1
	   |-- fabric-command-api-v2 2.2.27+6a6dfa19d1
	   |-- fabric-events-interaction-v0 0.7.10+e633f883d1
	   |-- fabric-lifecycle-events-v1 2.3.11+8f3583aed1
	   \-- fabric-networking-api-v1 4.2.0+ab7edbacd1
	- xaerominimap 24.2.1
	- xaeroworldmap 1.38.8
[13:45:56] [main/INFO]: SpongePowered MIXIN Subsystem Version=0.8.5 Source=file:/workspaces/serveeeeeeeo/servidor_minecraft/libraries/net/fabricmc/sponge-mixin/0.13.3+mixin.0.8.5/sponge-mixin-0.13.3+mixin.0.8.5.jar Service=Knot/Fabric Env=SERVER
[13:45:56] [main/INFO]: Compatibility level set to JAVA_16
[13:45:56] [main/INFO]: Compatibility level set to JAVA_17
[13:45:56] [main/INFO]: Compatibility level set to JAVA_21
[13:45:57] [main/WARN]: Error loading class: net/minecraft/class_5272 (java.lang.ClassNotFoundException: net/minecraft/class_5272)
[13:45:57] [main/WARN]: @Mixin target net.minecraft.class_5272 was not found libertyvillagers.mixins.json:ModelPredicateProviderRegistryMixin from mod libertyvillagers
[13:45:57] [main/WARN]: Error loading class: com/simibubi/create/content/kinetics/base/BlockBreakingKineticBlockEntity (java.lang.ClassNotFoundException: com/simibubi/create/content/kinetics/base/BlockBreakingKineticBlockEntity)
[13:45:57] [main/WARN]: [carpet] detected, disabling UPDATE mixin com.sk89q.worldedit.fabric.mixin.MixinLevelChunkSetBlockHook
[13:45:58] [main/WARN]: Error loading class: net/fabricmc/fabric/api/client/rendering/v1/EntityModelLayerRegistry$TexturedModelDataProvider (java.lang.ClassNotFoundException: net/fabricmc/fabric/api/client/rendering/v1/EntityModelLayerRegistry$TexturedModelDataProvider)
[13:45:58] [main/INFO]: Initializing MixinExtras via com.llamalad7.mixinextras.service.MixinExtrasServiceImpl(version=0.3.5).
[13:46:01] [main/WARN]: Method overwrite conflict for getClimateSettings in architectury.mixins.json:BiomeAccessor from mod architectury, previously written by carpet.mixins.Biome_scarpetMixin. Skipping method.
[13:46:06] [main/INFO]: Initializing Better Chests!
[13:46:07] [main/INFO]: Loading Collective version 7.64.
[13:46:07] [main/INFO]: Cooldown Coordinator library loaded.
[13:46:07] [main/INFO]: [CopperHopper] Configuration loaded: {nbtMatchEnabledIds=minecraft:enchanted_book minecraft:potion minecraft:splash_potion minecraft:lingering_potion minecraft:arrow minecraft:tipped_arrow minecraft:spectral_arrow}
[13:46:07] [main/INFO]: [CopperHopper] Initialized.
[13:46:07] [main/INFO]: Registered synced config with path sereneseasons/fertility.toml
[13:46:07] [main/INFO]: Registered synced config with path sereneseasons/seasons.toml
[13:46:07] [main/ERROR]: No data fixer registered for season_sensor
[13:46:07] [Cicada thread 0/INFO]: 'codec good'
[13:46:07] [main/INFO]: [STDOUT]: Hello NoExpensive world!
[13:46:07] [main/INFO]: Initialized NoVaultLimit although there really isn't anything to initialize.
[13:46:07] [main/INFO]: [STDOUT]: your mom
[13:46:07] [main/INFO]: Initialized RainGrow
[13:46:07] [main/INFO]: Registering C2S receiver with id roughlyenoughitems:request_tags_c2s
[13:46:07] [main/INFO]: [REI] Registered plugin provider DefaultPlugin [roughlyenoughitems] for REIPlugin
[13:46:07] [main/INFO]: [REI] Registered plugin provider DefaultRuntimePlugin [roughlyenoughitems] for REIPlugin
[13:46:07] [main/INFO]: [REI] Registered plugin provider ReiCompat [travelersbackpack] for REIPlugin
[13:46:07] [main/INFO]: [REI] Registered plugin provider DefaultPlugin [roughlyenoughitems] for REIServerPlugin
[13:46:07] [main/INFO]: [REI] Registered plugin provider DefaultRuntimePlugin [roughlyenoughitems] for REIServerPlugin
[13:46:07] [main/INFO]: [REI] Registered plugin provider ReiCompat [travelersbackpack] for REIServerPlugin
[13:46:07] [main/INFO]: [REI] Registered plugin provider FabricFluidAPISupportPlugin for REIServerPlugin
[13:46:07] [main/INFO]: [REI] Registered plugin provider FabricFluidAPISupportPlugin for REIPlugin
[13:46:07] [main/INFO]: Registering C2S receiver with id roughlyenoughitems:delete_item
[13:46:07] [main/INFO]: Registering C2S receiver with id roughlyenoughitems:create_item
[13:46:07] [main/INFO]: Registering C2S receiver with id roughlyenoughitems:create_item_grab
[13:46:07] [main/INFO]: Registering C2S receiver with id roughlyenoughitems:create_item_hotbar
[13:46:07] [main/INFO]: Registering C2S receiver with id roughlyenoughitems:move_items
[13:46:07] [main/INFO]: Registering C2S receiver with id roughlyenoughitems:move_items_new
[13:46:08] [main/INFO]: Initializing Silk
[13:46:08] [main/INFO]: Tom's Storage Setup starting
[13:46:08] [main/INFO]: Konnichiwa~
[13:46:08] [main/INFO]: Registered the FluidEffect with Unique ID of minecraft:water for minecraft:water 81000 with the ID 0
[13:46:08] [main/INFO]: Registered the FluidEffect with Unique ID of minecraft:lava for minecraft:lava 81000 with the ID 1
[13:46:08] [main/INFO]: Registered the FluidEffect with Unique ID of travelersbackpack:potion for travelersbackpack:potion_still 27000 with the ID 2
[13:46:08] [main/INFO]: Registered the FluidEffect with Unique ID of travelersbackpack:milk for travelersbackpack:milk_still 81000 with the ID 3
[13:46:09] [main/INFO]: Got request to register class com.sk89q.worldedit.fabric.FabricPlatform with WorldEdit [com.sk89q.worldedit.extension.platform.PlatformManager@4fae3d87]
[13:46:09] [main/INFO]: WorldEdit for Fabric (version 7.3.4-beta-01+0452ca2) is loaded
[13:46:09] [main/INFO]: Registered action: Actions$$Lambda/0x00007162d4f36740
[13:46:09] [main/INFO]: Registered action: Actions$$Lambda/0x00007162d4f362e8
[13:46:09] [main/INFO]: Registered action: Actions$$Lambda/0x00007162d4f35e90
[13:46:09] [main/INFO]: Loading Xaero's Minimap - Stage 1/2 (Server)
[13:46:09] [main/INFO]: Loading Xaero's World Map - Stage 1/2 (Server)
[13:46:09] [main/INFO]: Environment: Environment[sessionHost=https://sessionserver.mojang.com, servicesHost=https://api.minecraftservices.com, name=PROD]
[13:46:09] [main/WARN]: Missing data pack file/NoCreeperGrief-[1.21]-v.1.0.0.zip
[13:46:09] [main/INFO]: Found new data pack basic_fluid_hopper, loading it automatically
[13:46:09] [main/INFO]: Found new data pack file/anti creeper grief v1.1.8 (MC 1.21.0).zip, loading it automatically
[13:46:09] [main/INFO]: Found new data pack file/bat membranes v1.0.9 (MC 1.21.0).zip, loading it automatically
[13:46:09] [main/INFO]: Found new data pack file/cauldron concrete v3.0.1 (MC 1.21.0).zip, loading it automatically
[13:46:09] [main/INFO]: Found new data pack file/cauldron mud v1.0.0 (MC 1.21.0).zip, loading it automatically
[13:46:09] [main/INFO]: Found new data pack file/classic fishing loot v1.1.8 (MC 1.21.0).zip, loading it automatically
[13:46:09] [main/INFO]: Found new data pack file/double shulker shells v1.3.8 (MC 1.21.0).zip, loading it automatically
[13:46:09] [main/INFO]: Found new data pack file/dragon drops v1.3.8 (MC 1.21.0).zip, loading it automatically
[13:46:09] [main/INFO]: Found new data pack file/ender chest always drops v1.0.0 (MC 1.21.0).zip, loading it automatically
[13:46:09] [main/INFO]: Found new data pack file/glass always drops v1.0.0 (MC 1.21.0).zip, loading it automatically
[13:46:09] [main/INFO]: Found new data pack file/husks drop sand v1.0.1 (MC 1.21.0).zip, loading it automatically
[13:46:09] [main/INFO]: Found new data pack file/more effective tools v1.0.2 (MC 1.21.0).zip, loading it automatically
[13:46:09] [main/INFO]: Found new data pack file/silk touch budding amethyst v1.0.0 (MC 1.21.0).zip, loading it automatically
[13:46:09] [main/INFO]: Found new data pack file/spectator conduit power v1.1.8 (MC 1.21.0).zip, loading it automatically
[13:46:09] [main/INFO]: Found new data pack file/spectator night vision v1.1.8 (MC 1.21.0).zip, loading it automatically
[13:46:09] [main/INFO]: Found new data pack file/storm channeling v1.0.0 (MC 1.21.0).zip, loading it automatically
[13:46:09] [main/INFO]: Found new data pack file/villager workstation highlights v1.1.8 (MC 1.21.0).zip, loading it automatically
[13:46:09] [main/INFO]: Found new data pack file/wandering trader announcements v1.0.1 (MC 1.21.0).zip, loading it automatically
[13:46:10] [Worker-Main-3/ERROR]: Couldn't parse element minecraft:loot_table/toms_storage:blocks/inventory_proxy - Unknown registry key in ResourceKey[minecraft:root / minecraft:item]: toms_storage:inventory_proxy
[13:46:11] [Worker-Main-3/WARN]: Found loot table element validation problem in {minecraft:loot_table/minecraft:entities/husk}.pools[2].entries[0]: Unknown loot table called more_mob_heads:entities/husk
[13:46:11] [Worker-Main-3/WARN]: Found loot table element validation problem in {minecraft:loot_table/minecraft:entities/shulker}.pools[0].entries[0]: Unknown loot table called vanilla:entities/shulker
[13:46:11] [Worker-Main-3/WARN]: Found loot table element validation problem in {minecraft:loot_table/minecraft:entities/bat}.pools[2].entries[0]: Unknown loot table called more_mob_heads:entities/bat
[13:46:11] [Worker-Main-3/WARN]: Found loot table element validation problem in {minecraft:loot_table/minecraft:entities/shulker}.pools[2].entries[0]: Unknown loot table called more_mob_heads:entities/shulker
[13:46:11] [Worker-Main-3/INFO]: Registering commands with com.sk89q.worldedit.fabric.FabricPlatform
[13:46:12] [main/ERROR]: Parsing error loading recipe crafting:turtle_spawn_egg
com.google.gson.JsonParseException: Pattern references symbol 'T' but it's not defined in the key
	at com.mojang.serialization.DataResult$Error.getOrThrow(DataResult.java:287) ~[datafixerupper-8.0.16.jar:?]
	at net.minecraft.class_1863.method_20705(class_1863.java:62) ~[server-intermediary.jar:?]
	at net.minecraft.class_1863.method_18788(class_1863.java:35) ~[server-intermediary.jar:?]
	at net.minecraft.class_4080.method_18790(class_4080.java:13) ~[server-intermediary.jar:?]
	at java.base/java.util.concurrent.CompletableFuture$UniAccept.tryFire(CompletableFuture.java:718) ~[?:?]
	at java.base/java.util.concurrent.CompletableFuture$Completion.run(CompletableFuture.java:482) ~[?:?]
	at net.minecraft.class_4014.method_18365(class_4014.java:69) ~[server-intermediary.jar:?]
	at net.minecraft.class_156.method_43498(class_156.java:1024) [server-intermediary.jar:?]
	at net.minecraft.class_156.method_43499(class_156.java:1012) [server-intermediary.jar:?]
	at net.minecraft.server.Main.main(Main.java:182) [server-intermediary.jar:?]
	at net.fabricmc.loader.impl.game.minecraft.MinecraftGameProvider.launch(MinecraftGameProvider.java:470) [fabric-loader-0.15.11.jar:?]
	at net.fabricmc.loader.impl.launch.knot.Knot.launch(Knot.java:74) [fabric-loader-0.15.11.jar:?]
	at net.fabricmc.loader.impl.launch.knot.KnotServer.main(KnotServer.java:23) [fabric-loader-0.15.11.jar:?]
	at net.fabricmc.loader.impl.launch.server.FabricServerLauncher.main(FabricServerLauncher.java:69) [fabric-loader-0.15.11.jar:?]
	at net.fabricmc.installer.ServerLauncher.main(ServerLauncher.java:69) [fabric-server-launch.jar:1.0.1]
[13:46:12] [main/ERROR]: Parsing error loading recipe crafting:piglin_brute_spawn_egg
com.google.gson.JsonParseException: No key ingredients in MapLike[{"type":"minecraft:crafting_shapeless","result":{"id":"minecraft:piglin_brute_spawn_egg","count":1},"pattern":["   "," PG","   "],"key":{"P":{"item":"minecraft:piglin_spawn_egg"},"G":{"item":"minecraft:golden_axe"}}}]
	at com.mojang.serialization.DataResult$Error.getOrThrow(DataResult.java:287) ~[datafixerupper-8.0.16.jar:?]
	at net.minecraft.class_1863.method_20705(class_1863.java:62) ~[server-intermediary.jar:?]
	at net.minecraft.class_1863.method_18788(class_1863.java:35) ~[server-intermediary.jar:?]
	at net.minecraft.class_4080.method_18790(class_4080.java:13) ~[server-intermediary.jar:?]
	at java.base/java.util.concurrent.CompletableFuture$UniAccept.tryFire(CompletableFuture.java:718) ~[?:?]
	at java.base/java.util.concurrent.CompletableFuture$Completion.run(CompletableFuture.java:482) ~[?:?]
	at net.minecraft.class_4014.method_18365(class_4014.java:69) ~[server-intermediary.jar:?]
	at net.minecraft.class_156.method_43498(class_156.java:1024) [server-intermediary.jar:?]
	at net.minecraft.class_156.method_43499(class_156.java:1012) [server-intermediary.jar:?]
	at net.minecraft.server.Main.main(Main.java:182) [server-intermediary.jar:?]
	at net.fabricmc.loader.impl.game.minecraft.MinecraftGameProvider.launch(MinecraftGameProvider.java:470) [fabric-loader-0.15.11.jar:?]
	at net.fabricmc.loader.impl.launch.knot.Knot.launch(Knot.java:74) [fabric-loader-0.15.11.jar:?]
	at net.fabricmc.loader.impl.launch.knot.KnotServer.main(KnotServer.java:23) [fabric-loader-0.15.11.jar:?]
	at net.fabricmc.loader.impl.launch.server.FabricServerLauncher.main(FabricServerLauncher.java:69) [fabric-loader-0.15.11.jar:?]
	at net.fabricmc.installer.ServerLauncher.main(ServerLauncher.java:69) [fabric-server-launch.jar:1.0.1]
[13:46:12] [main/ERROR]: Parsing error loading recipe crafting:mooshroom_spawn_egg
com.google.gson.JsonParseException: Pattern references symbol 'C' but it's not defined in the key
	at com.mojang.serialization.DataResult$Error.getOrThrow(DataResult.java:287) ~[datafixerupper-8.0.16.jar:?]
	at net.minecraft.class_1863.method_20705(class_1863.java:62) ~[server-intermediary.jar:?]
	at net.minecraft.class_1863.method_18788(class_1863.java:35) ~[server-intermediary.jar:?]
	at net.minecraft.class_4080.method_18790(class_4080.java:13) ~[server-intermediary.jar:?]
	at java.base/java.util.concurrent.CompletableFuture$UniAccept.tryFire(CompletableFuture.java:718) ~[?:?]
	at java.base/java.util.concurrent.CompletableFuture$Completion.run(CompletableFuture.java:482) ~[?:?]
	at net.minecraft.class_4014.method_18365(class_4014.java:69) ~[server-intermediary.jar:?]
	at net.minecraft.class_156.method_43498(class_156.java:1024) [server-intermediary.jar:?]
	at net.minecraft.class_156.method_43499(class_156.java:1012) [server-intermediary.jar:?]
	at net.minecraft.server.Main.main(Main.java:182) [server-intermediary.jar:?]
	at net.fabricmc.loader.impl.game.minecraft.MinecraftGameProvider.launch(MinecraftGameProvider.java:470) [fabric-loader-0.15.11.jar:?]
	at net.fabricmc.loader.impl.launch.knot.Knot.launch(Knot.java:74) [fabric-loader-0.15.11.jar:?]
	at net.fabricmc.loader.impl.launch.knot.KnotServer.main(KnotServer.java:23) [fabric-loader-0.15.11.jar:?]
	at net.fabricmc.loader.impl.launch.server.FabricServerLauncher.main(FabricServerLauncher.java:69) [fabric-loader-0.15.11.jar:?]
	at net.fabricmc.installer.ServerLauncher.main(ServerLauncher.java:69) [fabric-server-launch.jar:1.0.1]
[13:46:12] [main/ERROR]: Parsing error loading recipe crafting:mule_spawn_egg
com.google.gson.JsonParseException: No key ingredients in MapLike[{"type":"minecraft:crafting_shapeless","result":{"id":"minecraft:mule_spawn_egg","count":1},"pattern":["   "," HD","   "],"key":{"H":{"item":"minecraft:horse_spawn_egg"},"D":{"item":"minecraft:donkey_spawn_egg"}}}]
	at com.mojang.serialization.DataResult$Error.getOrThrow(DataResult.java:287) ~[datafixerupper-8.0.16.jar:?]
	at net.minecraft.class_1863.method_20705(class_1863.java:62) ~[server-intermediary.jar:?]
	at net.minecraft.class_1863.method_18788(class_1863.java:35) ~[server-intermediary.jar:?]
	at net.minecraft.class_4080.method_18790(class_4080.java:13) ~[server-intermediary.jar:?]
	at java.base/java.util.concurrent.CompletableFuture$UniAccept.tryFire(CompletableFuture.java:718) ~[?:?]
	at java.base/java.util.concurrent.CompletableFuture$Completion.run(CompletableFuture.java:482) ~[?:?]
	at net.minecraft.class_4014.method_18365(class_4014.java:69) ~[server-intermediary.jar:?]
	at net.minecraft.class_156.method_43498(class_156.java:1024) [server-intermediary.jar:?]
	at net.minecraft.class_156.method_43499(class_156.java:1012) [server-intermediary.jar:?]
	at net.minecraft.server.Main.main(Main.java:182) [server-intermediary.jar:?]
	at net.fabricmc.loader.impl.game.minecraft.MinecraftGameProvider.launch(MinecraftGameProvider.java:470) [fabric-loader-0.15.11.jar:?]
	at net.fabricmc.loader.impl.launch.knot.Knot.launch(Knot.java:74) [fabric-loader-0.15.11.jar:?]
	at net.fabricmc.loader.impl.launch.knot.KnotServer.main(KnotServer.java:23) [fabric-loader-0.15.11.jar:?]
	at net.fabricmc.loader.impl.launch.server.FabricServerLauncher.main(FabricServerLauncher.java:69) [fabric-loader-0.15.11.jar:?]
	at net.fabricmc.installer.ServerLauncher.main(ServerLauncher.java:69) [fabric-server-launch.jar:1.0.1]
[13:46:12] [main/ERROR]: Parsing error loading recipe jodek:zombified_piglin_spawn_egg
com.google.gson.JsonParseException: No key id in MapLike[{"item":"minecraft:zombified_piglin_spawn_egg","count":1}]
	at com.mojang.serialization.DataResult$Error.getOrThrow(DataResult.java:287) ~[datafixerupper-8.0.16.jar:?]
	at net.minecraft.class_1863.method_20705(class_1863.java:62) ~[server-intermediary.jar:?]
	at net.minecraft.class_1863.method_18788(class_1863.java:35) ~[server-intermediary.jar:?]
	at net.minecraft.class_4080.method_18790(class_4080.java:13) ~[server-intermediary.jar:?]
	at java.base/java.util.concurrent.CompletableFuture$UniAccept.tryFire(CompletableFuture.java:718) ~[?:?]
	at java.base/java.util.concurrent.CompletableFuture$Completion.run(CompletableFuture.java:482) ~[?:?]
	at net.minecraft.class_4014.method_18365(class_4014.java:69) ~[server-intermediary.jar:?]
	at net.minecraft.class_156.method_43498(class_156.java:1024) [server-intermediary.jar:?]
	at net.minecraft.class_156.method_43499(class_156.java:1012) [server-intermediary.jar:?]
	at net.minecraft.server.Main.main(Main.java:182) [server-intermediary.jar:?]
	at net.fabricmc.loader.impl.game.minecraft.MinecraftGameProvider.launch(MinecraftGameProvider.java:470) [fabric-loader-0.15.11.jar:?]
	at net.fabricmc.loader.impl.launch.knot.Knot.launch(Knot.java:74) [fabric-loader-0.15.11.jar:?]
	at net.fabricmc.loader.impl.launch.knot.KnotServer.main(KnotServer.java:23) [fabric-loader-0.15.11.jar:?]
	at net.fabricmc.loader.impl.launch.server.FabricServerLauncher.main(FabricServerLauncher.java:69) [fabric-loader-0.15.11.jar:?]
	at net.fabricmc.installer.ServerLauncher.main(ServerLauncher.java:69) [fabric-server-launch.jar:1.0.1]
[13:46:12] [main/INFO]: Loaded 2238 recipes
[13:46:12] [main/INFO]: Loaded 1946 advancements
[13:46:12] [main/INFO]: [REI] @@@@@@@@@@@@@@@@@@@@@@@@@@@@@@@@@@@@@@@@
[13:46:12] [main/INFO]: [REI] REIPlugin starting main-reload for START.
[13:46:12] [main/INFO]: [REI] Plugins (4):
[13:46:12] [main/INFO]: [REI]  - (-100.00) DefaultPlugin of DefaultPlugin [roughlyenoughitems]
[13:46:12] [main/INFO]: [REI]  - (0.00) FabricFluidAPISupportPlugin
[13:46:12] [main/INFO]: [REI]  - (0.00) ReiCompat of ReiCompat [travelersbackpack]
[13:46:12] [main/INFO]: [REI]  - (0.00) DefaultRuntimePlugin of DefaultRuntimePlugin [roughlyenoughitems]
[13:46:12] [main/INFO]: [REI] @@@@@@@@@@@@@@@@@@@@@@@@@@@@@@@@@@@@@@@@
[13:46:12] [main/INFO]: [REI] ########################################
[13:46:12] [main/INFO]: [REI] REIServerPlugin starting main-reload for START.
[13:46:12] [main/INFO]: [REI] Plugins (4):
[13:46:12] [main/INFO]: [REI]  - (-100.00) DefaultPlugin of DefaultPlugin [roughlyenoughitems]
[13:46:12] [main/INFO]: [REI]  - (0.00) FabricFluidAPISupportPlugin
[13:46:12] [main/INFO]: [REI]  - (0.00) ReiCompat of ReiCompat [travelersbackpack]
[13:46:12] [main/INFO]: [REI]  - (0.00) DefaultRuntimePlugin of DefaultRuntimePlugin [roughlyenoughitems]
[13:46:12] [main/INFO]: [REI] ########################################
[13:46:12] [main/INFO]: [REI] REIPlugin finished post-reload for START in 2.329 ms, totaling 31.09 ms.
[13:46:12] [main/INFO]: [REI] REIServerPlugin finished post-reload for START in 1.185 ms, totaling 9.219 ms.
[13:46:12] [main/INFO]: [REI] ----------------------------------------
[13:46:12] [main/INFO]: [REI] REIPlugin starting main-reload for END.
[13:46:12] [main/INFO]: [REI] Plugins (4):
[13:46:12] [main/INFO]: [REI]  - (-100.00) DefaultPlugin of DefaultPlugin [roughlyenoughitems]
[13:46:12] [main/INFO]: [REI]  - (0.00) FabricFluidAPISupportPlugin
[13:46:12] [main/INFO]: [REI]  - (0.00) ReiCompat of ReiCompat [travelersbackpack]
[13:46:12] [main/INFO]: [REI]  - (0.00) DefaultRuntimePlugin of DefaultRuntimePlugin [roughlyenoughitems]
[13:46:12] [main/INFO]: [REI] ----------------------------------------
[13:46:12] [main/INFO]: [REI] ========================================
[13:46:12] [main/INFO]: [REI] REIServerPlugin starting main-reload for END.
[13:46:12] [main/INFO]: [REI] Plugins (4):
[13:46:12] [main/INFO]: [REI]  - (-100.00) DefaultPlugin of DefaultPlugin [roughlyenoughitems]
[13:46:12] [main/INFO]: [REI]  - (0.00) FabricFluidAPISupportPlugin
[13:46:12] [main/INFO]: [REI]  - (0.00) ReiCompat of ReiCompat [travelersbackpack]
[13:46:12] [main/INFO]: [REI]  - (0.00) DefaultRuntimePlugin of DefaultRuntimePlugin [roughlyenoughitems]
[13:46:12] [main/INFO]: [REI] ========================================
[13:46:12] [main/INFO]: [REI] REIPlugin finished post-reload for END in 1.458 ms, totaling 29.08 ms.
[13:46:12] [main/INFO]: [REI] REIServerPlugin finished post-reload for END in 856.8 μs, totaling 11.38 ms.
[13:46:12] [ForkJoinPool.commonPool-worker-1/INFO]: Loaded 117 translation keys
[13:46:12] [main/WARN]: Not all defined tags for registry ResourceKey[minecraft:root / minecraft:item] are present in data pack: minecraft:candle
[13:46:13] [main/INFO]: Applied 0 biome modifications to 0 of 67 new biomes in 1.442 ms
[13:46:13] [Server thread/INFO]: Initialized mcCoroutineScope (MinecraftServer as executor)
[13:46:13] [Server thread/INFO]: Reading config.
[13:46:13] [Server thread/INFO]: Starting minecraft server version 1.21
[13:46:13] [Server thread/INFO]: Loading properties
[13:46:13] [Server thread/INFO]: Default game type: SURVIVAL
[13:46:13] [Server thread/INFO]: Generating keypair
[13:46:13] [Server thread/INFO]: Starting Minecraft server on *:25565
[13:46:13] [Server thread/INFO]: Using epoll channel type
[13:46:13] [Server thread/INFO]: Preparing level "world"
[13:46:13] [Server thread/INFO]: [CM] Loaded 11 settings from carpet.conf
[13:46:16] [Server thread/INFO]: Preparing start region for dimension minecraft:overworld
[13:46:16] [Worker-Main-2/INFO]: Preparing spawn area: 0%
[13:46:16] [Worker-Main-3/INFO]: Preparing spawn area: 79%
[13:46:16] [Server thread/INFO]: Time elapsed: 548 ms
[13:46:16] [Server thread/INFO]: Done (3.008s)! For help, type "help"
[13:46:16] [Server thread/INFO]: Start loading plugin from Jade: snownee.jade.addon.core.CorePlugin
[13:46:16] [Server thread/INFO]: Start loading plugin from Jade: snownee.jade.addon.vanilla.VanillaPlugin
[13:46:16] [Server thread/INFO]: Start loading plugin from Jade: snownee.jade.addon.universal.UniversalPlugin
[13:46:16] [Server thread/INFO]: Start loading plugin from Jade: snownee.jade.addon.debug.DebugPlugin
[13:46:16] [Server thread/INFO]: Start loading plugin from Polymer (Core): eu.pb4.polymer.core.impl.client.compat.JadeCompatibility
[13:46:18] [Server thread/INFO]: Loading Xaero's Minimap - Stage 2/2 (Server)
[13:46:18] [Server thread/INFO]: Loading Xaero's World Map - Stage 2/2 (Server)
[13:48:15] [User Authenticator #1/INFO]: UUID of player NaxitoProGamer is dc32500d-88d6-4f3d-90d4-c5b8ea96857e
[13:48:18] [Server thread/WARN]: Ignored advancement 'jodek:no_creeper_grief' in progress file ./world/advancements/dc32500d-88d6-4f3d-90d4-c5b8ea96857e.json - it doesn't exist anymore?
[13:48:18] [Server thread/INFO]: NaxitoProGamer[/100.79.17.45:49861] logged in with entity id 6 at (-242.79852956914962, 69.5, 140.15222928123765)
[13:48:19] [Server thread/INFO]: Loading config from file...
[13:48:19] [Server thread/INFO]: NaxitoProGamer joined the game
[13:48:21] [Server thread/INFO]: Player NaxitoProGamer joined with a matching carpet client
[13:53:29] [Server thread/INFO]: NaxitoProGamer lost connection: Disconnected
[13:53:29] [Server thread/INFO]: NaxitoProGamer left the game
[13:55:20] [User Authenticator #2/INFO]: UUID of player NaxitoProGamer is dc32500d-88d6-4f3d-90d4-c5b8ea96857e
[13:55:23] [Server thread/INFO]: NaxitoProGamer[/100.79.17.45:50204] logged in with entity id 1079 at (-229.8735390897989, 71.0, 143.28787364391826)
[13:55:23] [Server thread/INFO]: Loading config from file...
[13:55:23] [Server thread/INFO]: NaxitoProGamer joined the game
[13:55:25] [Server thread/INFO]: Player NaxitoProGamer joined with a matching carpet client
[14:16:23] [Server thread/INFO]: NaxitoProGamer lost connection: Disconnected
[14:16:23] [Server thread/INFO]: NaxitoProGamer left the game
[14:16:27] [Server thread/INFO]: Stopping the server
[14:16:27] [Server thread/INFO]: Stopping server
[14:16:27] [Server thread/INFO]: Saving players
[14:16:27] [Server thread/INFO]: Saving worlds
[14:16:27] [Server thread/INFO]: Saving chunks for level 'ServerLevel[world]'/minecraft:overworld
[14:16:28] [Server thread/INFO]: Saving chunks for level 'ServerLevel[world]'/minecraft:the_nether
[14:16:28] [Server thread/INFO]: Saving chunks for level 'ServerLevel[world]'/minecraft:the_end
[14:16:28] [Server thread/INFO]: ThreadedAnvilChunkStorage (world): All chunks are saved
[14:16:28] [Server thread/INFO]: ThreadedAnvilChunkStorage (DIM-1): All chunks are saved
[14:16:28] [Server thread/INFO]: ThreadedAnvilChunkStorage (DIM1): All chunks are saved
[14:16:28] [Server thread/INFO]: ThreadedAnvilChunkStorage: All dimensions are saved
