[13:46:07] [main/INFO] ========================================
[13:46:07] [main/INFO] Minecraft: 1.21
[13:46:07] [main/INFO] Side: server
[13:46:07] [main/INFO] Development: false
[13:46:07] [main/INFO] Version: 16.0.729
[13:46:07] [main/INFO] Loader:
[13:46:07] [main/INFO] - Fabric: 0.15.11
[13:46:07] [main/INFO] - Fabric API: 0.100.3+1.21
[13:46:07] [main/INFO] Dependencies:
[13:46:07] [main/INFO] - Cloth Config: 15.0.127
[13:46:07] [main/INFO] - Architectury: 13.0.1
[13:46:07] [main/INFO] Mixin: 0.8.5
[13:46:07] [main/INFO] OS: Linux 6.5.0-1022-azure (amd64)
[13:46:07] [main/INFO] Java: 21.0.3 (Microsoft)
[13:46:07] [main/INFO] ========================================
[13:46:07] [main/INFO] Mods:
[13:46:07] [main/INFO] - amplified_nether: 1.2.5
[13:46:07] [main/INFO] - aopalliance_aopalliance: 1.0
[13:46:07] [main/INFO] - architectury: 13.0.1
[13:46:07] [main/INFO] - auto-workstations: 1.0-rc.25
[13:46:07] [main/INFO] - balm-fabric: 21.0.11
[13:46:07] [main/INFO] - basic_fluid_hopper: 0.1-1.21
[13:46:07] [main/INFO] - better-chests: 0.0.3+1.21
[13:46:07] [main/INFO] - betterbeaconplacement: 3.3
[13:46:07] [main/INFO] - betterthanmending: 2.1.0
[13:46:07] [main/INFO] - blue_endless_jankson: 1.2.3
[13:46:07] [main/INFO] - cardinal-components: 6.1.0
[13:46:07] [main/INFO] - cardinal-components-base: 6.1.0
[13:46:07] [main/INFO] - cardinal-components-block: 6.1.0
[13:46:07] [main/INFO] - cardinal-components-chunk: 6.1.0
[13:46:07] [main/INFO] - cardinal-components-entity: 6.1.0
[13:46:07] [main/INFO] - cardinal-components-item: 6.1.0
[13:46:07] [main/INFO] - cardinal-components-level: 6.1.0
[13:46:07] [main/INFO] - cardinal-components-scoreboard: 6.1.0
[13:46:07] [main/INFO] - cardinal-components-world: 6.1.0
[13:46:07] [main/INFO] - carpet: 1.4.147+v240613
[13:46:07] [main/INFO] - carpet-extra: 1.4.147
[13:46:07] [main/INFO] - chunky: 1.4.16
[13:46:07] [main/INFO] - cicada: 0.8.0+1.21-and-above
[13:46:07] [main/INFO] - cloth-basic-math: 0.6.1
[13:46:07] [main/INFO] - cloth-config: 15.0.127
[13:46:07] [main/INFO] - cloth-config: 15.0.127
[13:46:07] [main/INFO] - clumps: 18.0.0.1
[13:46:07] [main/INFO] - codec-config-api: 2.0.0+1.20.5-rc3
[13:46:07] [main/INFO] - cog: 2.1.0+1.21
[13:46:07] [main/INFO] - collective: 7.64
[13:46:07] [main/INFO] - com_electronwill_night-config_core: 3.6.7
[13:46:07] [main/INFO] - com_electronwill_night-config_toml: 3.6.7
[13:46:07] [main/INFO] - com_google_inject_extensions_guice-assistedinject: 7.0.0
[13:46:07] [main/INFO] - com_google_inject_guice: 7.0.0
[13:46:07] [main/INFO] - common-protection-api: 1.0.0
[13:46:07] [main/INFO] - cooldown-coordinator: 0.7.2
[13:46:07] [main/INFO] - copperhopper: 0.9.3+1.21
[13:46:07] [main/INFO] - customspeed: 2.0.1c-1.21
[13:46:07] [main/INFO] - de_miraculixx_core: 2.0.7
[13:46:07] [main/INFO] - error_notifier: 1.0.9
[13:46:07] [main/INFO] - explorify: 1.6.1
[13:46:07] [main/INFO] - fabric-api: 0.100.3+1.21
[13:46:07] [main/INFO] - fabric-api: 0.100.3+1.21
[13:46:07] [main/INFO] - fabric-api-base: 0.4.42+6573ed8cd1
[13:46:07] [main/INFO] - fabric-api-lookup-api-v1: 1.6.67+b5597344d1
[13:46:07] [main/INFO] - fabric-biome-api-v1: 13.0.28+6fc22b99d1
[13:46:07] [main/INFO] - fabric-block-api-v1: 1.0.22+0af3f5a7d1
[13:46:07] [main/INFO] - fabric-block-view-api-v2: 1.0.10+6573ed8cd1
[13:46:07] [main/INFO] - fabric-command-api-v1: 1.2.48+f71b366fd1
[13:46:07] [main/INFO] - fabric-command-api-v2: 2.2.27+6a6dfa19d1
[13:46:07] [main/INFO] - fabric-commands-v0: 0.2.65+df3654b3d1
[13:46:07] [main/INFO] - fabric-content-registries-v0: 8.0.13+b5597344d1
[13:46:07] [main/INFO] - fabric-convention-tags-v1: 2.0.14+7f945d5bd1
[13:46:07] [main/INFO] - fabric-convention-tags-v2: 2.3.1+8a3b5617d1
[13:46:07] [main/INFO] - fabric-crash-report-info-v1: 0.2.29+0af3f5a7d1
[13:46:07] [main/INFO] - fabric-data-attachment-api-v1: 1.1.23+6a6dfa19d1
[13:46:07] [main/INFO] - fabric-data-generation-api-v1: 20.2.8+16c4ae25d1
[13:46:07] [main/INFO] - fabric-dimensions-v1: 4.0.0+6fc22b99d1
[13:46:07] [main/INFO] - fabric-entity-events-v1: 1.6.12+6fc22b99d1
[13:46:07] [main/INFO] - fabric-events-interaction-v0: 0.7.10+e633f883d1
[13:46:07] [main/INFO] - fabric-game-rule-api-v1: 1.0.52+6573ed8cd1
[13:46:07] [main/INFO] - fabric-item-api-v1: 11.0.0+afdfc921d1
[13:46:07] [main/INFO] - fabric-item-group-api-v1: 4.1.1+cb5ced13d1
[13:46:07] [main/INFO] - fabric-language-kotlin: 1.11.0+kotlin.2.0.0
[13:46:07] [main/INFO] - fabric-lifecycle-events-v1: 2.3.11+8f3583aed1
[13:46:07] [main/INFO] - fabric-loot-api-v2: 3.0.10+6573ed8cd1
[13:46:07] [main/INFO] - fabric-message-api-v1: 6.0.13+6573ed8cd1
[13:46:07] [main/INFO] - fabric-networking-api-v1: 4.2.0+ab7edbacd1
[13:46:07] [main/INFO] - fabric-object-builder-api-v1: 15.1.11+d1321076d1
[13:46:07] [main/INFO] - fabric-particles-v1: 4.0.2+6573ed8cd1
[13:46:07] [main/INFO] - fabric-permissions-api-v0: 0.2-SNAPSHOT
[13:46:07] [main/INFO] - fabric-recipe-api-v1: 5.0.9+6573ed8cd1
[13:46:07] [main/INFO] - fabric-registry-sync-v0: 5.0.22+ab7edbacd1
[13:46:07] [main/INFO] - fabric-rendering-data-attachment-v1: 0.3.48+73761d2ed1
[13:46:07] [main/INFO] - fabric-rendering-fluids-v1: 3.1.6+b5597344d1
[13:46:07] [main/INFO] - fabric-resource-conditions-api-v1: 4.2.1+d153f344d1
[13:46:07] [main/INFO] - fabric-resource-loader-v0: 1.1.4+cb5ced13d1
[13:46:07] [main/INFO] - fabric-screen-handler-api-v1: 1.3.79+b5597344d1
[13:46:07] [main/INFO] - fabric-transfer-api-v1: 5.1.14+b5597344d1
[13:46:07] [main/INFO] - fabric-transitive-access-wideners-v1: 6.0.12+6573ed8cd1
[13:46:07] [main/INFO] - fabric_common: unspecified
[13:46:07] [main/INFO] - fabricloader: 0.15.11
[13:46:07] [main/INFO] - glitchcore: 2.0.0.1
[13:46:07] [main/INFO] - grindenchantments: 3.2.2+1.21-rc1
[13:46:07] [main/INFO] - hopobettermineshaft: 1.2.4
[13:46:07] [main/INFO] - infinitetrading: 4.4
[13:46:07] [main/INFO] - jade: 15.0.4+fabric
[13:46:07] [main/INFO] - jakarta_inject_jakarta_inject-api: 2.0.1
[13:46:07] [main/INFO] - java: 21
[13:46:07] [main/INFO] - kuma_api: 21.0.4
[13:46:07] [main/INFO] - lavasand: 1.21-1-fabric
[13:46:07] [main/INFO] - libertyvillagers: 1.0.15+fabric+1.21
[13:46:07] [main/INFO] - mcwbridges: 3.0.0
[13:46:07] [main/INFO] - mine-spawners: 1.0
[13:46:07] [main/INFO] - minecraft: 1.21
[13:46:07] [main/INFO] - minitweaks: 1.5.0
[13:46:07] [main/INFO] - mixinextras: 0.3.5
[13:46:07] [main/INFO] - monkeylib538: 2.0.0
[13:46:07] [main/INFO] - monkeylib538-common: 2.0.0
[13:46:07] [main/INFO] - mr_true_ending: 1-v1.1.2a
[13:46:07] [main/INFO] - nerb: 0.4
[13:46:07] [main/INFO] - net_jodah_typetools: 0.6.3
[13:46:07] [main/INFO] - netherportalfix: 21.0.2
[13:46:07] [main/INFO] - noexpensive: 1.21-1.9.0
[13:46:07] [main/INFO] - novaultlimit: r1.0.0-1.21
[13:46:07] [main/INFO] - nullscape: 1.2.6
[13:46:07] [main/INFO] - omnihopper: 2.3.2+1.21
[13:46:07] [main/INFO] - org_jetbrains_kotlin_kotlin-reflect: 2.0.0
[13:46:07] [main/INFO] - org_jetbrains_kotlin_kotlin-stdlib: 2.0.0
[13:46:07] [main/INFO] - org_jetbrains_kotlin_kotlin-stdlib-jdk7: 2.0.0
[13:46:07] [main/INFO] - org_jetbrains_kotlin_kotlin-stdlib-jdk8: 2.0.0
[13:46:07] [main/INFO] - org_jetbrains_kotlinx_atomicfu-jvm: 0.24.0
[13:46:07] [main/INFO] - org_jetbrains_kotlinx_kotlinx-coroutines-core-jvm: 1.8.1
[13:46:07] [main/INFO] - org_jetbrains_kotlinx_kotlinx-coroutines-jdk8: 1.8.1
[13:46:07] [main/INFO] - org_jetbrains_kotlinx_kotlinx-datetime-jvm: 0.6.0
[13:46:07] [main/INFO] - org_jetbrains_kotlinx_kotlinx-serialization-cbor-jvm: 1.6.3
[13:46:07] [main/INFO] - org_jetbrains_kotlinx_kotlinx-serialization-core-jvm: 1.6.3
[13:46:07] [main/INFO] - org_jetbrains_kotlinx_kotlinx-serialization-json-jvm: 1.6.3
[13:46:07] [main/INFO] - packet_tweaker: 0.5.4+1.20.6
[13:46:07] [main/INFO] - placeholder-api: 2.4.0-pre.2+1.21
[13:46:07] [main/INFO] - polymer-common: 0.9.2+1.21
[13:46:07] [main/INFO] - polymer-core: 0.9.2+1.21
[13:46:07] [main/INFO] - polymer-networking: 0.9.2+1.21
[13:46:07] [main/INFO] - polymer-registry-sync-manipulator: 0.9.2+1.21
[13:46:07] [main/INFO] - polymer-resource-pack: 0.9.2+1.21
[13:46:07] [main/INFO] - polymer-virtual-entity: 0.9.2+1.21
[13:46:07] [main/INFO] - predicate-api: 0.5.1+1.21
[13:46:07] [main/INFO] - quartzelv: 2.3.0+1.21
[13:46:07] [main/INFO] - quickcurefabricrewrite: 1.0.1-1.21
[13:46:07] [main/INFO] - rain-grow: 1.2
[13:46:07] [main/INFO] - reinfbarrel: 2.5.1+1.21
[13:46:07] [main/INFO] - reinfchest: 3.0.1+1.21
[13:46:07] [main/INFO] - reinfcore: 4.0.1+1.21
[13:46:07] [main/INFO] - roughlyenoughitems: 16.0.729
[13:46:07] [main/INFO] - sereneseasons: 10.0.0.2
[13:46:07] [main/INFO] - server_translations_api: 2.3.1+1.21-pre2
[13:46:07] [main/INFO] - sgui: 1.6.0+1.21
[13:46:07] [main/INFO] - silk-all: 1.10.7
[13:46:07] [main/INFO] - silk-commands: 1.10.7
[13:46:07] [main/INFO] - silk-core: 1.10.7
[13:46:07] [main/INFO] - silk-game: 1.10.7
[13:46:07] [main/INFO] - silk-igui: 1.10.7
[13:46:07] [main/INFO] - silk-nbt: 1.10.7
[13:46:07] [main/INFO] - silk-network: 1.10.7
[13:46:07] [main/INFO] - silk-persistence: 1.10.7
[13:46:07] [main/INFO] - simpleprivatechest: 1.0.4
[13:46:07] [main/INFO] - squatgrow: 21.0.0+mc1.21
[13:46:07] [main/INFO] - taxfreelevels: 1.3.12
[13:46:07] [main/INFO] - toms_storage: 2.0.4
[13:46:07] [main/INFO] - tpcommands: 1.0.1
[13:46:07] [main/INFO] - trade_cycling: 1.21-1.0.12
[13:46:07] [main/INFO] - travelersbackpack: fabric-1.21-10.0.3
[13:46:07] [main/INFO] - treeharvester: 8.9
[13:46:07] [main/INFO] - universal-graves: 3.4.1+1.21
[13:46:07] [main/INFO] - veinminer: 2.0.7
[13:46:07] [main/INFO] - villager-pickup: 1.1.2
[13:46:07] [main/INFO] - worldedit: 7.3.4-beta-01+0452ca2
[13:46:07] [main/INFO] - xaerominimap: 24.2.1
[13:46:07] [main/INFO] - xaeroworldmap: 1.38.8
[13:46:07] [main/INFO] ========================================
[13:46:07] [main/INFO] [REI] Registered plugin provider DefaultPlugin [roughlyenoughitems] for REIPlugin
[13:46:07] [main/INFO] [REI] Registered plugin provider DefaultRuntimePlugin [roughlyenoughitems] for REIPlugin
[13:46:07] [main/INFO] [REI] Registered plugin provider ReiCompat [travelersbackpack] for REIPlugin
[13:46:07] [main/INFO] [REI] Registered plugin provider DefaultPlugin [roughlyenoughitems] for REIServerPlugin
[13:46:07] [main/INFO] [REI] Registered plugin provider DefaultRuntimePlugin [roughlyenoughitems] for REIServerPlugin
[13:46:07] [main/INFO] [REI] Registered plugin provider ReiCompat [travelersbackpack] for REIServerPlugin
[13:46:07] [main/INFO] [REI] Registered plugin provider FabricFluidAPISupportPlugin for REIServerPlugin
[13:46:07] [main/INFO] [REI] Registered plugin provider FabricFluidAPISupportPlugin for REIPlugin
[13:46:11] [Worker-Main-1/DEBUG] [REI] Processed 0 tags in 29.82 μs for minecraft:worldgen/structure
[13:46:11] [Worker-Main-1/DEBUG] [REI] Processed 0 tags in 19.13 μs for minecraft:damage_type
[13:46:11] [Worker-Main-3/DEBUG] [REI] Processed 55 tags in 824.9 μs for minecraft:entity_type
[13:46:11] [Worker-Main-3/DEBUG] [REI] Processed 0 tags in 5.009 μs for minecraft:worldgen/flat_level_generator_preset
[13:46:11] [Worker-Main-1/DEBUG] [REI] Processed 3 tags in 22.86 μs for minecraft:instrument
[13:46:11] [Worker-Main-1/DEBUG] [REI] Processed 0 tags in 9.809 μs for minecraft:banner_pattern
[13:46:11] [Worker-Main-1/DEBUG] [REI] Processed 0 tags in 19.59 μs for minecraft:worldgen/world_preset
[13:46:11] [Worker-Main-3/DEBUG] [REI] Processed 0 tags in 35.27 μs for minecraft:worldgen/biome
[13:46:11] [Worker-Main-2/DEBUG] [REI] Processed 357 tags in 1.957 ms for minecraft:item
[13:46:11] [Worker-Main-2/DEBUG] [REI] Processed 5 tags in 110.7 μs for minecraft:game_event
[13:46:11] [Worker-Main-1/DEBUG] [REI] Processed 5 tags in 23.45 μs for minecraft:fluid
[13:46:11] [Worker-Main-1/DEBUG] [REI] Processed 3 tags in 26.32 μs for minecraft:point_of_interest_type
[13:46:11] [Worker-Main-3/DEBUG] [REI] Processed 2 tags in 18.62 μs for minecraft:cat_variant
[13:46:11] [Worker-Main-1/DEBUG] [REI] Processed 0 tags in 9.027 μs for minecraft:enchantment
[13:46:11] [Worker-Main-1/DEBUG] [REI] Processed 0 tags in 3.577 μs for minecraft:painting_variant
[13:46:11] [Worker-Main-2/DEBUG] [REI] Processed 376 tags in 2.501 ms for minecraft:block
[13:46:12] [main/DEBUG] [REI] ========================================
[13:46:12] [main/DEBUG] [REI] REIPlugin starting pre-reload for START.
[13:46:12] [main/DEBUG] [REI] Reloadables (7):
[13:46:12] [main/DEBUG] [REI]  - EntryTypeRegistryImpl
[13:46:12] [main/DEBUG] [REI]  - EntrySettingsAdapterRegistryImpl
[13:46:12] [main/DEBUG] [REI]  - RecipeManagerContextImpl
[13:46:12] [main/DEBUG] [REI]  - ItemComparatorRegistryImpl
[13:46:12] [main/DEBUG] [REI]  - FluidComparatorRegistryImpl
[13:46:12] [main/DEBUG] [REI]  - DisplaySerializerRegistryImpl
[13:46:12] [main/DEBUG] [REI]  - FluidSupportProviderImpl
[13:46:12] [main/DEBUG] [REI] Plugins (4):
[13:46:12] [main/DEBUG] [REI]  - (-100.00) DefaultPlugin of DefaultPlugin [roughlyenoughitems]
[13:46:12] [main/DEBUG] [REI]  - (0.00) FabricFluidAPISupportPlugin
[13:46:12] [main/DEBUG] [REI]  - (0.00) ReiCompat of ReiCompat [travelersbackpack]
[13:46:12] [main/DEBUG] [REI]  - (0.00) DefaultRuntimePlugin of DefaultRuntimePlugin [roughlyenoughitems]
[13:46:12] [main/DEBUG] [REI] ========================================
[13:46:12] [main/TRACE] [REI] [REIPlugin START] Reloading Section: "pre-register/"
[13:46:12] [main/TRACE] [REI] [REIPlugin START] Reloading Section: "pre-register/DefaultPlugin of DefaultPlugin [roughlyenoughitems]/"
[13:46:12] [main/TRACE] [REI] [REIPlugin START] Reloading Section: "pre-register/DefaultPlugin of DefaultPlugin [roughlyenoughitems]/" done in 779.8 μs
[13:46:12] [main/TRACE] [REI] [REIPlugin START] Reloading Section: "pre-register/FabricFluidAPISupportPlugin/"
[13:46:12] [main/TRACE] [REI] [REIPlugin START] Reloading Section: "pre-register/FabricFluidAPISupportPlugin/" done in 10.44 μs
[13:46:12] [main/TRACE] [REI] [REIPlugin START] Reloading Section: "pre-register/ReiCompat of ReiCompat [travelersbackpack]/"
[13:46:12] [main/TRACE] [REI] [REIPlugin START] Reloading Section: "pre-register/ReiCompat of ReiCompat [travelersbackpack]/" done in 7.975 μs
[13:46:12] [main/TRACE] [REI] [REIPlugin START] Reloading Section: "pre-register/DefaultRuntimePlugin of DefaultRuntimePlugin [roughlyenoughitems]/"
[13:46:12] [main/TRACE] [REI] [REIPlugin START] Reloading Section: "pre-register/DefaultRuntimePlugin of DefaultRuntimePlugin [roughlyenoughitems]/" done in 8.055 μs
[13:46:12] [main/TRACE] [REI] [REIPlugin START] Reloading Section: "pre-register/" done in 8.321 ms
[13:46:12] [main/TRACE] [REI] [REIPlugin START] Reloading Section: "pre-stage/"
[13:46:12] [main/TRACE] [REI] [REIPlugin START] Reloading Section: "pre-stage/EntryTypeRegistryImpl/"
[13:46:12] [main/TRACE] [REI] [REIPlugin START] Reloading Section: "pre-stage/EntryTypeRegistryImpl/" done in 156.2 μs
[13:46:12] [main/TRACE] [REI] [REIPlugin START] Reloading Section: "pre-stage/EntrySettingsAdapterRegistryImpl/"
[13:46:12] [main/TRACE] [REI] [REIPlugin START] Reloading Section: "pre-stage/EntrySettingsAdapterRegistryImpl/" done in 6.482 μs
[13:46:12] [main/TRACE] [REI] [REIPlugin START] Reloading Section: "pre-stage/RecipeManagerContextImpl/"
[13:46:12] [main/TRACE] [REI] [REIPlugin START] Reloading Section: "pre-stage/RecipeManagerContextImpl/" done in 6.082 μs
[13:46:12] [main/TRACE] [REI] [REIPlugin START] Reloading Section: "pre-stage/ItemComparatorRegistryImpl/"
[13:46:12] [main/TRACE] [REI] [REIPlugin START] Reloading Section: "pre-stage/ItemComparatorRegistryImpl/" done in 9.918 μs
[13:46:12] [main/TRACE] [REI] [REIPlugin START] Reloading Section: "pre-stage/FluidComparatorRegistryImpl/"
[13:46:12] [main/TRACE] [REI] [REIPlugin START] Reloading Section: "pre-stage/FluidComparatorRegistryImpl/" done in 5.811 μs
[13:46:12] [main/TRACE] [REI] [REIPlugin START] Reloading Section: "pre-stage/DisplaySerializerRegistryImpl/"
[13:46:12] [main/TRACE] [REI] [REIPlugin START] Reloading Section: "pre-stage/DisplaySerializerRegistryImpl/" done in 5.610 μs
[13:46:12] [main/TRACE] [REI] [REIPlugin START] Reloading Section: "pre-stage/FluidSupportProviderImpl/"
[13:46:12] [main/TRACE] [REI] [REIPlugin START] Reloading Section: "pre-stage/FluidSupportProviderImpl/" done in 5.851 μs
[13:46:12] [main/TRACE] [REI] [REIPlugin START] Reloading Section: "pre-stage/" done in 1.177 ms
[13:46:12] [main/DEBUG] [REI] ========================================
[13:46:12] [main/DEBUG] [REI] REIPlugin finished pre-reload for START in 10.59 ms.
[13:46:12] [main/DEBUG] [REI] ========================================
[13:46:12] [main/DEBUG] [REI] ========================================
[13:46:12] [main/DEBUG] [REI] REIServerPlugin starting pre-reload for START.
[13:46:12] [main/DEBUG] [REI] Reloadables (2):
[13:46:12] [main/DEBUG] [REI]  - MenuInfoRegistryImpl
[13:46:12] [main/DEBUG] [REI]  - SlotAccessorRegistryImpl
[13:46:12] [main/DEBUG] [REI] Plugins (4):
[13:46:12] [main/DEBUG] [REI]  - (-100.00) DefaultPlugin of DefaultPlugin [roughlyenoughitems]
[13:46:12] [main/DEBUG] [REI]  - (0.00) FabricFluidAPISupportPlugin
[13:46:12] [main/DEBUG] [REI]  - (0.00) ReiCompat of ReiCompat [travelersbackpack]
[13:46:12] [main/DEBUG] [REI]  - (0.00) DefaultRuntimePlugin of DefaultRuntimePlugin [roughlyenoughitems]
[13:46:12] [main/DEBUG] [REI] ========================================
[13:46:12] [main/TRACE] [REI] [REIServerPlugin START] Reloading Section: "pre-register/"
[13:46:12] [main/TRACE] [REI] [REIServerPlugin START] Reloading Section: "pre-register/DefaultPlugin of DefaultPlugin [roughlyenoughitems]/"
[13:46:12] [main/TRACE] [REI] [REIServerPlugin START] Reloading Section: "pre-register/DefaultPlugin of DefaultPlugin [roughlyenoughitems]/" done in 8.917 μs
[13:46:12] [main/TRACE] [REI] [REIServerPlugin START] Reloading Section: "pre-register/FabricFluidAPISupportPlugin/"
[13:46:12] [main/TRACE] [REI] [REIServerPlugin START] Reloading Section: "pre-register/FabricFluidAPISupportPlugin/" done in 13.66 μs
[13:46:12] [main/TRACE] [REI] [REIServerPlugin START] Reloading Section: "pre-register/ReiCompat of ReiCompat [travelersbackpack]/"
[13:46:12] [main/TRACE] [REI] [REIServerPlugin START] Reloading Section: "pre-register/ReiCompat of ReiCompat [travelersbackpack]/" done in 7.363 μs
[13:46:12] [main/TRACE] [REI] [REIServerPlugin START] Reloading Section: "pre-register/DefaultRuntimePlugin of DefaultRuntimePlugin [roughlyenoughitems]/"
[13:46:12] [main/TRACE] [REI] [REIServerPlugin START] Reloading Section: "pre-register/DefaultRuntimePlugin of DefaultRuntimePlugin [roughlyenoughitems]/" done in 7.494 μs
[13:46:12] [main/TRACE] [REI] [REIServerPlugin START] Reloading Section: "pre-register/" done in 647.8 μs
[13:46:12] [main/TRACE] [REI] [REIServerPlugin START] Reloading Section: "pre-stage/"
[13:46:12] [main/TRACE] [REI] [REIServerPlugin START] Reloading Section: "pre-stage/MenuInfoRegistryImpl/"
[13:46:12] [main/TRACE] [REI] [REIServerPlugin START] Reloading Section: "pre-stage/MenuInfoRegistryImpl/" done in 6.843 μs
[13:46:12] [main/TRACE] [REI] [REIServerPlugin START] Reloading Section: "pre-stage/SlotAccessorRegistryImpl/"
[13:46:12] [main/TRACE] [REI] [REIServerPlugin START] Reloading Section: "pre-stage/SlotAccessorRegistryImpl/" done in 5.701 μs
[13:46:12] [main/TRACE] [REI] [REIServerPlugin START] Reloading Section: "pre-stage/" done in 324.3 μs
[13:46:12] [main/DEBUG] [REI] ========================================
[13:46:12] [main/DEBUG] [REI] REIServerPlugin finished pre-reload for START in 1.201 ms.
[13:46:12] [main/DEBUG] [REI] ========================================
[13:46:12] [main/INFO] [REI] @@@@@@@@@@@@@@@@@@@@@@@@@@@@@@@@@@@@@@@@
[13:46:12] [main/INFO] [REI] REIPlugin starting main-reload for START.
[13:46:12] [main/DEBUG] [REI] Reloadables (7):
[13:46:12] [main/DEBUG] [REI]  - EntryTypeRegistryImpl
[13:46:12] [main/DEBUG] [REI]  - EntrySettingsAdapterRegistryImpl
[13:46:12] [main/DEBUG] [REI]  - RecipeManagerContextImpl
[13:46:12] [main/DEBUG] [REI]  - ItemComparatorRegistryImpl
[13:46:12] [main/DEBUG] [REI]  - FluidComparatorRegistryImpl
[13:46:12] [main/DEBUG] [REI]  - DisplaySerializerRegistryImpl
[13:46:12] [main/DEBUG] [REI]  - FluidSupportProviderImpl
[13:46:12] [main/INFO] [REI] Plugins (4):
[13:46:12] [main/INFO] [REI]  - (-100.00) DefaultPlugin of DefaultPlugin [roughlyenoughitems]
[13:46:12] [main/INFO] [REI]  - (0.00) FabricFluidAPISupportPlugin
[13:46:12] [main/INFO] [REI]  - (0.00) ReiCompat of ReiCompat [travelersbackpack]
[13:46:12] [main/INFO] [REI]  - (0.00) DefaultRuntimePlugin of DefaultRuntimePlugin [roughlyenoughitems]
[13:46:12] [main/INFO] [REI] @@@@@@@@@@@@@@@@@@@@@@@@@@@@@@@@@@@@@@@@
[13:46:12] [main/TRACE] [REI] [REIPlugin START] Reloading Section: "start-reload/"
[13:46:12] [main/TRACE] [REI] [REIPlugin START] Reloading Section: "start-reload/EntryTypeRegistryImpl/"
[13:46:12] [main/TRACE] [REI] [REIPlugin START] Reloading Section: "start-reload/EntryTypeRegistryImpl/" done in 32.23 μs
[13:46:12] [main/TRACE] [REI] [REIPlugin START] Reloading Section: "start-reload/EntrySettingsAdapterRegistryImpl/"
[13:46:12] [main/TRACE] [REI] [REIPlugin START] Reloading Section: "start-reload/EntrySettingsAdapterRegistryImpl/" done in 10.24 μs
[13:46:12] [main/TRACE] [REI] [REIPlugin START] Reloading Section: "start-reload/RecipeManagerContextImpl/"
[13:46:12] [main/TRACE] [REI] [REIPlugin START] Reloading Section: "start-reload/RecipeManagerContextImpl/" done in 5.801 μs
[13:46:12] [main/TRACE] [REI] [REIPlugin START] Reloading Section: "start-reload/ItemComparatorRegistryImpl/"
[13:46:12] [main/TRACE] [REI] [REIPlugin START] Reloading Section: "start-reload/ItemComparatorRegistryImpl/" done in 19.53 μs
[13:46:12] [main/TRACE] [REI] [REIPlugin START] Reloading Section: "start-reload/FluidComparatorRegistryImpl/"
[13:46:12] [main/TRACE] [REI] [REIPlugin START] Reloading Section: "start-reload/FluidComparatorRegistryImpl/" done in 8.396 μs
[13:46:12] [main/TRACE] [REI] [REIPlugin START] Reloading Section: "start-reload/DisplaySerializerRegistryImpl/"
[13:46:12] [main/TRACE] [REI] [REIPlugin START] Reloading Section: "start-reload/DisplaySerializerRegistryImpl/" done in 6.162 μs
[13:46:12] [main/TRACE] [REI] [REIPlugin START] Reloading Section: "start-reload/FluidSupportProviderImpl/"
[13:46:12] [main/TRACE] [REI] [REIPlugin START] Reloading Section: "start-reload/FluidSupportProviderImpl/" done in 23.94 μs
[13:46:12] [main/TRACE] [REI] [REIPlugin START] Reloading Section: "start-reload/" done in 1.220 ms
[13:46:12] [main/DEBUG] [REI] ========================================
[13:46:12] [main/DEBUG] [REI] REIPlugin started main-reload for START.
[13:46:12] [main/DEBUG] [REI] ========================================
[13:46:12] [main/TRACE] [REI] [REIPlugin START] Reloading Section: "reloadable-plugin/EntryTypeRegistryImpl/"
[13:46:12] [main/TRACE] [REI] [REIPlugin START] Reloading Section: "reloadable-plugin/EntryTypeRegistryImpl/DefaultPlugin of DefaultPlugin [roughlyenoughitems]/"
[13:46:12] [main/TRACE] [REI] [REIPlugin START] Reloading Section: "reloadable-plugin/EntryTypeRegistryImpl/DefaultPlugin of DefaultPlugin [roughlyenoughitems]/" done in 154.3 μs
[13:46:12] [main/TRACE] [REI] [REIPlugin START] Reloading Section: "reloadable-plugin/EntryTypeRegistryImpl/FabricFluidAPISupportPlugin/"
[13:46:12] [main/TRACE] [REI] [REIPlugin START] Reloading Section: "reloadable-plugin/EntryTypeRegistryImpl/FabricFluidAPISupportPlugin/" done in 11.53 μs
[13:46:12] [main/TRACE] [REI] [REIPlugin START] Reloading Section: "reloadable-plugin/EntryTypeRegistryImpl/ReiCompat of ReiCompat [travelersbackpack]/"
[13:46:12] [main/TRACE] [REI] [REIPlugin START] Reloading Section: "reloadable-plugin/EntryTypeRegistryImpl/ReiCompat of ReiCompat [travelersbackpack]/" done in 10.36 μs
[13:46:12] [main/TRACE] [REI] [REIPlugin START] Reloading Section: "reloadable-plugin/EntryTypeRegistryImpl/DefaultRuntimePlugin of DefaultRuntimePlugin [roughlyenoughitems]/"
[13:46:12] [main/TRACE] [REI] [REIPlugin START] Reloading Section: "reloadable-plugin/EntryTypeRegistryImpl/DefaultRuntimePlugin of DefaultRuntimePlugin [roughlyenoughitems]/" done in 4.940 ms
[13:46:12] [main/TRACE] [REI] [REIPlugin START] Reloading Section: "reloadable-plugin/EntryTypeRegistryImpl/" done in 6.241 ms
[13:46:12] [main/TRACE] [REI] [REIPlugin START] Reloading Section: "reloadable-plugin/EntrySettingsAdapterRegistryImpl/"
[13:46:12] [main/TRACE] [REI] [REIPlugin START] Reloading Section: "reloadable-plugin/EntrySettingsAdapterRegistryImpl/DefaultPlugin of DefaultPlugin [roughlyenoughitems]/"
[13:46:12] [main/TRACE] [REI] [REIPlugin START] Reloading Section: "reloadable-plugin/EntrySettingsAdapterRegistryImpl/DefaultPlugin of DefaultPlugin [roughlyenoughitems]/" done in 12.77 μs
[13:46:12] [main/TRACE] [REI] [REIPlugin START] Reloading Section: "reloadable-plugin/EntrySettingsAdapterRegistryImpl/FabricFluidAPISupportPlugin/"
[13:46:12] [main/TRACE] [REI] [REIPlugin START] Reloading Section: "reloadable-plugin/EntrySettingsAdapterRegistryImpl/FabricFluidAPISupportPlugin/" done in 12.21 μs
[13:46:12] [main/TRACE] [REI] [REIPlugin START] Reloading Section: "reloadable-plugin/EntrySettingsAdapterRegistryImpl/ReiCompat of ReiCompat [travelersbackpack]/"
[13:46:12] [main/TRACE] [REI] [REIPlugin START] Reloading Section: "reloadable-plugin/EntrySettingsAdapterRegistryImpl/ReiCompat of ReiCompat [travelersbackpack]/" done in 12.51 μs
[13:46:12] [main/TRACE] [REI] [REIPlugin START] Reloading Section: "reloadable-plugin/EntrySettingsAdapterRegistryImpl/DefaultRuntimePlugin of DefaultRuntimePlugin [roughlyenoughitems]/"
[13:46:12] [main/TRACE] [REI] [REIPlugin START] Reloading Section: "reloadable-plugin/EntrySettingsAdapterRegistryImpl/DefaultRuntimePlugin of DefaultRuntimePlugin [roughlyenoughitems]/" done in 11.36 μs
[13:46:12] [main/TRACE] [REI] [REIPlugin START] Reloading Section: "reloadable-plugin/EntrySettingsAdapterRegistryImpl/" done in 783.0 μs
[13:46:12] [main/TRACE] [REI] [REIPlugin START] Reloading Section: "reloadable-plugin/RecipeManagerContextImpl/"
[13:46:12] [main/TRACE] [REI] [REIPlugin START] Reloading Section: "reloadable-plugin/RecipeManagerContextImpl/DefaultPlugin of DefaultPlugin [roughlyenoughitems]/"
[13:46:12] [main/TRACE] [REI] [REIPlugin START] Reloading Section: "reloadable-plugin/RecipeManagerContextImpl/DefaultPlugin of DefaultPlugin [roughlyenoughitems]/" done in 10.30 μs
[13:46:12] [main/TRACE] [REI] [REIPlugin START] Reloading Section: "reloadable-plugin/RecipeManagerContextImpl/FabricFluidAPISupportPlugin/"
[13:46:12] [main/TRACE] [REI] [REIPlugin START] Reloading Section: "reloadable-plugin/RecipeManagerContextImpl/FabricFluidAPISupportPlugin/" done in 11.31 μs
[13:46:12] [main/TRACE] [REI] [REIPlugin START] Reloading Section: "reloadable-plugin/RecipeManagerContextImpl/ReiCompat of ReiCompat [travelersbackpack]/"
[13:46:12] [main/TRACE] [REI] [REIPlugin START] Reloading Section: "reloadable-plugin/RecipeManagerContextImpl/ReiCompat of ReiCompat [travelersbackpack]/" done in 11.21 μs
[13:46:12] [main/TRACE] [REI] [REIPlugin START] Reloading Section: "reloadable-plugin/RecipeManagerContextImpl/DefaultRuntimePlugin of DefaultRuntimePlugin [roughlyenoughitems]/"
[13:46:12] [main/TRACE] [REI] [REIPlugin START] Reloading Section: "reloadable-plugin/RecipeManagerContextImpl/DefaultRuntimePlugin of DefaultRuntimePlugin [roughlyenoughitems]/" done in 10.84 μs
[13:46:12] [main/TRACE] [REI] [REIPlugin START] Reloading Section: "reloadable-plugin/RecipeManagerContextImpl/" done in 718.9 μs
[13:46:12] [main/TRACE] [REI] [REIPlugin START] Reloading Section: "reloadable-plugin/ItemComparatorRegistryImpl/"
[13:46:12] [main/TRACE] [REI] [REIPlugin START] Reloading Section: "reloadable-plugin/ItemComparatorRegistryImpl/DefaultPlugin of DefaultPlugin [roughlyenoughitems]/"
[13:46:12] [main/TRACE] [REI] [REIPlugin START] Reloading Section: "reloadable-plugin/ItemComparatorRegistryImpl/DefaultPlugin of DefaultPlugin [roughlyenoughitems]/" done in 574.0 μs
[13:46:12] [main/TRACE] [REI] [REIPlugin START] Reloading Section: "reloadable-plugin/ItemComparatorRegistryImpl/FabricFluidAPISupportPlugin/"
[13:46:12] [main/TRACE] [REI] [REIPlugin START] Reloading Section: "reloadable-plugin/ItemComparatorRegistryImpl/FabricFluidAPISupportPlugin/" done in 13.86 μs
[13:46:12] [main/TRACE] [REI] [REIPlugin START] Reloading Section: "reloadable-plugin/ItemComparatorRegistryImpl/ReiCompat of ReiCompat [travelersbackpack]/"
[13:46:12] [main/TRACE] [REI] [REIPlugin START] Reloading Section: "reloadable-plugin/ItemComparatorRegistryImpl/ReiCompat of ReiCompat [travelersbackpack]/" done in 11.47 μs
[13:46:12] [main/TRACE] [REI] [REIPlugin START] Reloading Section: "reloadable-plugin/ItemComparatorRegistryImpl/DefaultRuntimePlugin of DefaultRuntimePlugin [roughlyenoughitems]/"
[13:46:12] [main/TRACE] [REI] [REIPlugin START] Reloading Section: "reloadable-plugin/ItemComparatorRegistryImpl/DefaultRuntimePlugin of DefaultRuntimePlugin [roughlyenoughitems]/" done in 11.78 μs
[13:46:12] [main/TRACE] [REI] [REIPlugin START] Reloading Section: "reloadable-plugin/ItemComparatorRegistryImpl/" done in 1.395 ms
[13:46:12] [main/TRACE] [REI] [REIPlugin START] Reloading Section: "reloadable-plugin/FluidComparatorRegistryImpl/"
[13:46:12] [main/TRACE] [REI] [REIPlugin START] Reloading Section: "reloadable-plugin/FluidComparatorRegistryImpl/DefaultPlugin of DefaultPlugin [roughlyenoughitems]/"
[13:46:12] [main/TRACE] [REI] [REIPlugin START] Reloading Section: "reloadable-plugin/FluidComparatorRegistryImpl/DefaultPlugin of DefaultPlugin [roughlyenoughitems]/" done in 16.97 μs
[13:46:12] [main/TRACE] [REI] [REIPlugin START] Reloading Section: "reloadable-plugin/FluidComparatorRegistryImpl/FabricFluidAPISupportPlugin/"
[13:46:12] [main/TRACE] [REI] [REIPlugin START] Reloading Section: "reloadable-plugin/FluidComparatorRegistryImpl/FabricFluidAPISupportPlugin/" done in 11.31 μs
[13:46:12] [main/TRACE] [REI] [REIPlugin START] Reloading Section: "reloadable-plugin/FluidComparatorRegistryImpl/ReiCompat of ReiCompat [travelersbackpack]/"
[13:46:12] [main/TRACE] [REI] [REIPlugin START] Reloading Section: "reloadable-plugin/FluidComparatorRegistryImpl/ReiCompat of ReiCompat [travelersbackpack]/" done in 13.55 μs
[13:46:12] [main/TRACE] [REI] [REIPlugin START] Reloading Section: "reloadable-plugin/FluidComparatorRegistryImpl/DefaultRuntimePlugin of DefaultRuntimePlugin [roughlyenoughitems]/"
[13:46:12] [main/TRACE] [REI] [REIPlugin START] Reloading Section: "reloadable-plugin/FluidComparatorRegistryImpl/DefaultRuntimePlugin of DefaultRuntimePlugin [roughlyenoughitems]/" done in 11.24 μs
[13:46:12] [main/TRACE] [REI] [REIPlugin START] Reloading Section: "reloadable-plugin/FluidComparatorRegistryImpl/" done in 733.8 μs
[13:46:12] [main/TRACE] [REI] [REIPlugin START] Reloading Section: "reloadable-plugin/DisplaySerializerRegistryImpl/"
[13:46:12] [main/TRACE] [REI] [REIPlugin START] Reloading Section: "reloadable-plugin/DisplaySerializerRegistryImpl/DefaultPlugin of DefaultPlugin [roughlyenoughitems]/"
[13:46:12] [main/TRACE] [REI] [REIPlugin START] Reloading Section: "reloadable-plugin/DisplaySerializerRegistryImpl/DefaultPlugin of DefaultPlugin [roughlyenoughitems]/" done in 11.89 μs
[13:46:12] [main/TRACE] [REI] [REIPlugin START] Reloading Section: "reloadable-plugin/DisplaySerializerRegistryImpl/FabricFluidAPISupportPlugin/"
[13:46:12] [main/TRACE] [REI] [REIPlugin START] Reloading Section: "reloadable-plugin/DisplaySerializerRegistryImpl/FabricFluidAPISupportPlugin/" done in 11.64 μs
[13:46:12] [main/TRACE] [REI] [REIPlugin START] Reloading Section: "reloadable-plugin/DisplaySerializerRegistryImpl/ReiCompat of ReiCompat [travelersbackpack]/"
[13:46:12] [main/TRACE] [REI] [REIPlugin START] Reloading Section: "reloadable-plugin/DisplaySerializerRegistryImpl/ReiCompat of ReiCompat [travelersbackpack]/" done in 12.21 μs
[13:46:12] [main/TRACE] [REI] [REIPlugin START] Reloading Section: "reloadable-plugin/DisplaySerializerRegistryImpl/DefaultRuntimePlugin of DefaultRuntimePlugin [roughlyenoughitems]/"
[13:46:12] [main/TRACE] [REI] [REIPlugin START] Reloading Section: "reloadable-plugin/DisplaySerializerRegistryImpl/DefaultRuntimePlugin of DefaultRuntimePlugin [roughlyenoughitems]/" done in 10.35 μs
[13:46:12] [main/TRACE] [REI] [REIPlugin START] Reloading Section: "reloadable-plugin/DisplaySerializerRegistryImpl/" done in 650.0 μs
[13:46:12] [main/TRACE] [REI] [REIPlugin START] Reloading Section: "reloadable-plugin/FluidSupportProviderImpl/"
[13:46:12] [main/TRACE] [REI] [REIPlugin START] Reloading Section: "reloadable-plugin/FluidSupportProviderImpl/DefaultPlugin of DefaultPlugin [roughlyenoughitems]/"
[13:46:12] [main/TRACE] [REI] [REIPlugin START] Reloading Section: "reloadable-plugin/FluidSupportProviderImpl/DefaultPlugin of DefaultPlugin [roughlyenoughitems]/" done in 305.8 μs
[13:46:12] [main/TRACE] [REI] [REIPlugin START] Reloading Section: "reloadable-plugin/FluidSupportProviderImpl/FabricFluidAPISupportPlugin/"
[13:46:12] [main/TRACE] [REI] [REIPlugin START] Reloading Section: "reloadable-plugin/FluidSupportProviderImpl/FabricFluidAPISupportPlugin/" done in 137.5 μs
[13:46:12] [main/TRACE] [REI] [REIPlugin START] Reloading Section: "reloadable-plugin/FluidSupportProviderImpl/ReiCompat of ReiCompat [travelersbackpack]/"
[13:46:12] [main/TRACE] [REI] [REIPlugin START] Reloading Section: "reloadable-plugin/FluidSupportProviderImpl/ReiCompat of ReiCompat [travelersbackpack]/" done in 14.57 μs
[13:46:12] [main/TRACE] [REI] [REIPlugin START] Reloading Section: "reloadable-plugin/FluidSupportProviderImpl/DefaultRuntimePlugin of DefaultRuntimePlugin [roughlyenoughitems]/"
[13:46:12] [main/TRACE] [REI] [REIPlugin START] Reloading Section: "reloadable-plugin/FluidSupportProviderImpl/DefaultRuntimePlugin of DefaultRuntimePlugin [roughlyenoughitems]/" done in 11.80 μs
[13:46:12] [main/TRACE] [REI] [REIPlugin START] Reloading Section: "reloadable-plugin/FluidSupportProviderImpl/" done in 1.213 ms
[13:46:12] [main/DEBUG] [REI] ========================================
[13:46:12] [main/DEBUG] [REI] REIPlugin ending main-reload for START.
[13:46:12] [main/DEBUG] [REI] ========================================
[13:46:12] [main/TRACE] [REI] [REIPlugin START] Reloading Section: "end-reload/"
[13:46:12] [main/TRACE] [REI] [REIPlugin START] Reloading Section: "end-reload/EntryTypeRegistryImpl/"
[13:46:12] [main/TRACE] [REI] [REIPlugin START] Reloading Section: "end-reload/EntryTypeRegistryImpl/" done in 12.18 μs
[13:46:12] [main/TRACE] [REI] [REIPlugin START] Reloading Section: "end-reload/EntrySettingsAdapterRegistryImpl/"
[13:46:12] [main/TRACE] [REI] [REIPlugin START] Reloading Section: "end-reload/EntrySettingsAdapterRegistryImpl/" done in 6.423 μs
[13:46:12] [main/TRACE] [REI] [REIPlugin START] Reloading Section: "end-reload/RecipeManagerContextImpl/"
[13:46:12] [main/TRACE] [REI] [REIPlugin START] Reloading Section: "end-reload/RecipeManagerContextImpl/" done in 6.532 μs
[13:46:12] [main/TRACE] [REI] [REIPlugin START] Reloading Section: "end-reload/ItemComparatorRegistryImpl/"
[13:46:12] [main/TRACE] [REI] [REIPlugin START] Reloading Section: "end-reload/ItemComparatorRegistryImpl/" done in 5.981 μs
[13:46:12] [main/TRACE] [REI] [REIPlugin START] Reloading Section: "end-reload/FluidComparatorRegistryImpl/"
[13:46:12] [main/TRACE] [REI] [REIPlugin START] Reloading Section: "end-reload/FluidComparatorRegistryImpl/" done in 6.973 μs
[13:46:12] [main/TRACE] [REI] [REIPlugin START] Reloading Section: "end-reload/DisplaySerializerRegistryImpl/"
[13:46:12] [main/TRACE] [REI] [REIPlugin START] Reloading Section: "end-reload/DisplaySerializerRegistryImpl/" done in 7.544 μs
[13:46:12] [main/TRACE] [REI] [REIPlugin START] Reloading Section: "end-reload/FluidSupportProviderImpl/"
[13:46:12] [main/TRACE] [REI] [REIPlugin START] Reloading Section: "end-reload/FluidSupportProviderImpl/" done in 7.013 μs
[13:46:12] [main/TRACE] [REI] [REIPlugin START] Reloading Section: "end-reload/" done in 1.285 ms
[13:46:12] [main/DEBUG] [REI] ========================================
[13:46:12] [main/DEBUG] [REI] REIPlugin ended main-reload for START in 18.22 ms.
[13:46:12] [main/DEBUG] [REI] ========================================
[13:46:12] [main/INFO] [REI] ########################################
[13:46:12] [main/INFO] [REI] REIServerPlugin starting main-reload for START.
[13:46:12] [main/DEBUG] [REI] Reloadables (2):
[13:46:12] [main/DEBUG] [REI]  - MenuInfoRegistryImpl
[13:46:12] [main/DEBUG] [REI]  - SlotAccessorRegistryImpl
[13:46:12] [main/INFO] [REI] Plugins (4):
[13:46:12] [main/INFO] [REI]  - (-100.00) DefaultPlugin of DefaultPlugin [roughlyenoughitems]
[13:46:12] [main/INFO] [REI]  - (0.00) FabricFluidAPISupportPlugin
[13:46:12] [main/INFO] [REI]  - (0.00) ReiCompat of ReiCompat [travelersbackpack]
[13:46:12] [main/INFO] [REI]  - (0.00) DefaultRuntimePlugin of DefaultRuntimePlugin [roughlyenoughitems]
[13:46:12] [main/INFO] [REI] ########################################
[13:46:12] [main/TRACE] [REI] [REIServerPlugin START] Reloading Section: "start-reload/"
[13:46:12] [main/TRACE] [REI] [REIServerPlugin START] Reloading Section: "start-reload/MenuInfoRegistryImpl/"
[13:46:12] [main/TRACE] [REI] [REIServerPlugin START] Reloading Section: "start-reload/MenuInfoRegistryImpl/" done in 8.336 μs
[13:46:12] [main/TRACE] [REI] [REIServerPlugin START] Reloading Section: "start-reload/SlotAccessorRegistryImpl/"
[13:46:12] [main/TRACE] [REI] [REIServerPlugin START] Reloading Section: "start-reload/SlotAccessorRegistryImpl/" done in 7.244 μs
[13:46:12] [main/TRACE] [REI] [REIServerPlugin START] Reloading Section: "start-reload/" done in 389.5 μs
[13:46:12] [main/DEBUG] [REI] ========================================
[13:46:12] [main/DEBUG] [REI] REIServerPlugin started main-reload for START.
[13:46:12] [main/DEBUG] [REI] ========================================
[13:46:12] [main/TRACE] [REI] [REIServerPlugin START] Reloading Section: "reloadable-plugin/MenuInfoRegistryImpl/"
[13:46:12] [main/TRACE] [REI] [REIServerPlugin START] Reloading Section: "reloadable-plugin/MenuInfoRegistryImpl/DefaultPlugin of DefaultPlugin [roughlyenoughitems]/"
[13:46:12] [main/TRACE] [REI] [REIServerPlugin START] Reloading Section: "reloadable-plugin/MenuInfoRegistryImpl/DefaultPlugin of DefaultPlugin [roughlyenoughitems]/" done in 9.869 μs
[13:46:12] [main/TRACE] [REI] [REIServerPlugin START] Reloading Section: "reloadable-plugin/MenuInfoRegistryImpl/FabricFluidAPISupportPlugin/"
[13:46:12] [main/TRACE] [REI] [REIServerPlugin START] Reloading Section: "reloadable-plugin/MenuInfoRegistryImpl/FabricFluidAPISupportPlugin/" done in 10.72 μs
[13:46:12] [main/TRACE] [REI] [REIServerPlugin START] Reloading Section: "reloadable-plugin/MenuInfoRegistryImpl/ReiCompat of ReiCompat [travelersbackpack]/"
[13:46:12] [main/TRACE] [REI] [REIServerPlugin START] Reloading Section: "reloadable-plugin/MenuInfoRegistryImpl/ReiCompat of ReiCompat [travelersbackpack]/" done in 9.548 μs
[13:46:12] [main/TRACE] [REI] [REIServerPlugin START] Reloading Section: "reloadable-plugin/MenuInfoRegistryImpl/DefaultRuntimePlugin of DefaultRuntimePlugin [roughlyenoughitems]/"
[13:46:12] [main/TRACE] [REI] [REIServerPlugin START] Reloading Section: "reloadable-plugin/MenuInfoRegistryImpl/DefaultRuntimePlugin of DefaultRuntimePlugin [roughlyenoughitems]/" done in 9.117 μs
[13:46:12] [main/TRACE] [REI] [REIServerPlugin START] Reloading Section: "reloadable-plugin/MenuInfoRegistryImpl/" done in 623.8 μs
[13:46:12] [main/TRACE] [REI] [REIServerPlugin START] Reloading Section: "reloadable-plugin/SlotAccessorRegistryImpl/"
[13:46:12] [main/TRACE] [REI] [REIServerPlugin START] Reloading Section: "reloadable-plugin/SlotAccessorRegistryImpl/DefaultPlugin of DefaultPlugin [roughlyenoughitems]/"
[13:46:12] [main/TRACE] [REI] [REIServerPlugin START] Reloading Section: "reloadable-plugin/SlotAccessorRegistryImpl/DefaultPlugin of DefaultPlugin [roughlyenoughitems]/" done in 11.21 μs
[13:46:12] [main/TRACE] [REI] [REIServerPlugin START] Reloading Section: "reloadable-plugin/SlotAccessorRegistryImpl/FabricFluidAPISupportPlugin/"
[13:46:12] [main/TRACE] [REI] [REIServerPlugin START] Reloading Section: "reloadable-plugin/SlotAccessorRegistryImpl/FabricFluidAPISupportPlugin/" done in 10.88 μs
[13:46:12] [main/TRACE] [REI] [REIServerPlugin START] Reloading Section: "reloadable-plugin/SlotAccessorRegistryImpl/ReiCompat of ReiCompat [travelersbackpack]/"
[13:46:12] [main/TRACE] [REI] [REIServerPlugin START] Reloading Section: "reloadable-plugin/SlotAccessorRegistryImpl/ReiCompat of ReiCompat [travelersbackpack]/" done in 10.32 μs
[13:46:12] [main/TRACE] [REI] [REIServerPlugin START] Reloading Section: "reloadable-plugin/SlotAccessorRegistryImpl/DefaultRuntimePlugin of DefaultRuntimePlugin [roughlyenoughitems]/"
[13:46:12] [main/TRACE] [REI] [REIServerPlugin START] Reloading Section: "reloadable-plugin/SlotAccessorRegistryImpl/DefaultRuntimePlugin of DefaultRuntimePlugin [roughlyenoughitems]/" done in 11.33 μs
[13:46:12] [main/TRACE] [REI] [REIServerPlugin START] Reloading Section: "reloadable-plugin/SlotAccessorRegistryImpl/" done in 1.451 ms
[13:46:12] [main/DEBUG] [REI] ========================================
[13:46:12] [main/DEBUG] [REI] REIServerPlugin ending main-reload for START.
[13:46:12] [main/DEBUG] [REI] ========================================
[13:46:12] [main/TRACE] [REI] [REIServerPlugin START] Reloading Section: "end-reload/"
[13:46:12] [main/TRACE] [REI] [REIServerPlugin START] Reloading Section: "end-reload/MenuInfoRegistryImpl/"
[13:46:12] [main/TRACE] [REI] [REIServerPlugin START] Reloading Section: "end-reload/MenuInfoRegistryImpl/" done in 7.534 μs
[13:46:12] [main/TRACE] [REI] [REIServerPlugin START] Reloading Section: "end-reload/SlotAccessorRegistryImpl/"
[13:46:12] [main/TRACE] [REI] [REIServerPlugin START] Reloading Section: "end-reload/SlotAccessorRegistryImpl/" done in 7.023 μs
[13:46:12] [main/TRACE] [REI] [REIServerPlugin START] Reloading Section: "end-reload/" done in 608.5 μs
[13:46:12] [main/DEBUG] [REI] ========================================
[13:46:12] [main/DEBUG] [REI] REIServerPlugin ended main-reload for START in 6.934 ms.
[13:46:12] [main/DEBUG] [REI] ========================================
[13:46:12] [main/DEBUG] [REI] ========================================
[13:46:12] [main/DEBUG] [REI] REIPlugin starting post-reload for START.
[13:46:12] [main/DEBUG] [REI] Reloadables (7):
[13:46:12] [main/DEBUG] [REI]  - EntryTypeRegistryImpl
[13:46:12] [main/DEBUG] [REI]  - EntrySettingsAdapterRegistryImpl
[13:46:12] [main/DEBUG] [REI]  - RecipeManagerContextImpl
[13:46:12] [main/DEBUG] [REI]  - ItemComparatorRegistryImpl
[13:46:12] [main/DEBUG] [REI]  - FluidComparatorRegistryImpl
[13:46:12] [main/DEBUG] [REI]  - DisplaySerializerRegistryImpl
[13:46:12] [main/DEBUG] [REI]  - FluidSupportProviderImpl
[13:46:12] [main/DEBUG] [REI] Plugins (4):
[13:46:12] [main/DEBUG] [REI]  - (-100.00) DefaultPlugin of DefaultPlugin [roughlyenoughitems]
[13:46:12] [main/DEBUG] [REI]  - (0.00) FabricFluidAPISupportPlugin
[13:46:12] [main/DEBUG] [REI]  - (0.00) ReiCompat of ReiCompat [travelersbackpack]
[13:46:12] [main/DEBUG] [REI]  - (0.00) DefaultRuntimePlugin of DefaultRuntimePlugin [roughlyenoughitems]
[13:46:12] [main/DEBUG] [REI] ========================================
[13:46:12] [main/TRACE] [REI] [REIPlugin START] Reloading Section: "post-register/"
[13:46:12] [main/TRACE] [REI] [REIPlugin START] Reloading Section: "post-register/DefaultPlugin of DefaultPlugin [roughlyenoughitems]/"
[13:46:12] [main/TRACE] [REI] [REIPlugin START] Reloading Section: "post-register/DefaultPlugin of DefaultPlugin [roughlyenoughitems]/" done in 151.5 μs
[13:46:12] [main/TRACE] [REI] [REIPlugin START] Reloading Section: "post-register/FabricFluidAPISupportPlugin/"
[13:46:12] [main/TRACE] [REI] [REIPlugin START] Reloading Section: "post-register/FabricFluidAPISupportPlugin/" done in 9.668 μs
[13:46:12] [main/TRACE] [REI] [REIPlugin START] Reloading Section: "post-register/ReiCompat of ReiCompat [travelersbackpack]/"
[13:46:12] [main/TRACE] [REI] [REIPlugin START] Reloading Section: "post-register/ReiCompat of ReiCompat [travelersbackpack]/" done in 8.906 μs
[13:46:12] [main/TRACE] [REI] [REIPlugin START] Reloading Section: "post-register/DefaultRuntimePlugin of DefaultRuntimePlugin [roughlyenoughitems]/"
[13:46:12] [main/TRACE] [REI] [REIPlugin START] Reloading Section: "post-register/DefaultRuntimePlugin of DefaultRuntimePlugin [roughlyenoughitems]/" done in 8.857 μs
[13:46:12] [main/TRACE] [REI] [REIPlugin START] Reloading Section: "post-register/" done in 1.003 ms
[13:46:12] [main/TRACE] [REI] [REIPlugin START] Reloading Section: "post-stage/"
[13:46:12] [main/TRACE] [REI] [REIPlugin START] Reloading Section: "post-stage/EntryTypeRegistryImpl/"
[13:46:12] [main/TRACE] [REI] [REIPlugin START] Reloading Section: "post-stage/EntryTypeRegistryImpl/" done in 11.10 μs
[13:46:12] [main/TRACE] [REI] [REIPlugin START] Reloading Section: "post-stage/EntrySettingsAdapterRegistryImpl/"
[13:46:12] [main/TRACE] [REI] [REIPlugin START] Reloading Section: "post-stage/EntrySettingsAdapterRegistryImpl/" done in 6.122 μs
[13:46:12] [main/TRACE] [REI] [REIPlugin START] Reloading Section: "post-stage/RecipeManagerContextImpl/"
[13:46:12] [main/TRACE] [REI] [REIPlugin START] Reloading Section: "post-stage/RecipeManagerContextImpl/" done in 6.132 μs
[13:46:12] [main/TRACE] [REI] [REIPlugin START] Reloading Section: "post-stage/ItemComparatorRegistryImpl/"
[13:46:12] [main/TRACE] [REI] [REIPlugin START] Reloading Section: "post-stage/ItemComparatorRegistryImpl/" done in 5.631 μs
[13:46:12] [main/TRACE] [REI] [REIPlugin START] Reloading Section: "post-stage/FluidComparatorRegistryImpl/"
[13:46:12] [main/TRACE] [REI] [REIPlugin START] Reloading Section: "post-stage/FluidComparatorRegistryImpl/" done in 5.430 μs
[13:46:12] [main/TRACE] [REI] [REIPlugin START] Reloading Section: "post-stage/DisplaySerializerRegistryImpl/"
[13:46:12] [main/TRACE] [REI] [REIPlugin START] Reloading Section: "post-stage/DisplaySerializerRegistryImpl/" done in 5.620 μs
[13:46:12] [main/TRACE] [REI] [REIPlugin START] Reloading Section: "post-stage/FluidSupportProviderImpl/"
[13:46:12] [main/TRACE] [REI] [REIPlugin START] Reloading Section: "post-stage/FluidSupportProviderImpl/" done in 5.450 μs
[13:46:12] [main/TRACE] [REI] [REIPlugin START] Reloading Section: "post-stage/" done in 1.052 ms
[13:46:12] [main/DEBUG] [REI] ========================================
[13:46:12] [main/INFO] [REI] REIPlugin finished post-reload for START in 2.329 ms, totaling 31.09 ms.
[13:46:12] [main/DEBUG] [REI] ========================================
[13:46:12] [main/DEBUG] [REI] ========================================
[13:46:12] [main/DEBUG] [REI] REIServerPlugin starting post-reload for START.
[13:46:12] [main/DEBUG] [REI] Reloadables (2):
[13:46:12] [main/DEBUG] [REI]  - MenuInfoRegistryImpl
[13:46:12] [main/DEBUG] [REI]  - SlotAccessorRegistryImpl
[13:46:12] [main/DEBUG] [REI] Plugins (4):
[13:46:12] [main/DEBUG] [REI]  - (-100.00) DefaultPlugin of DefaultPlugin [roughlyenoughitems]
[13:46:12] [main/DEBUG] [REI]  - (0.00) FabricFluidAPISupportPlugin
[13:46:12] [main/DEBUG] [REI]  - (0.00) ReiCompat of ReiCompat [travelersbackpack]
[13:46:12] [main/DEBUG] [REI]  - (0.00) DefaultRuntimePlugin of DefaultRuntimePlugin [roughlyenoughitems]
[13:46:12] [main/DEBUG] [REI] ========================================
[13:46:12] [main/TRACE] [REI] [REIServerPlugin START] Reloading Section: "post-register/"
[13:46:12] [main/TRACE] [REI] [REIServerPlugin START] Reloading Section: "post-register/DefaultPlugin of DefaultPlugin [roughlyenoughitems]/"
[13:46:12] [main/TRACE] [REI] [REIServerPlugin START] Reloading Section: "post-register/DefaultPlugin of DefaultPlugin [roughlyenoughitems]/" done in 9.257 μs
[13:46:12] [main/TRACE] [REI] [REIServerPlugin START] Reloading Section: "post-register/FabricFluidAPISupportPlugin/"
[13:46:12] [main/TRACE] [REI] [REIServerPlugin START] Reloading Section: "post-register/FabricFluidAPISupportPlugin/" done in 8.736 μs
[13:46:12] [main/TRACE] [REI] [REIServerPlugin START] Reloading Section: "post-register/ReiCompat of ReiCompat [travelersbackpack]/"
[13:46:12] [main/TRACE] [REI] [REIServerPlugin START] Reloading Section: "post-register/ReiCompat of ReiCompat [travelersbackpack]/" done in 8.245 μs
[13:46:12] [main/TRACE] [REI] [REIServerPlugin START] Reloading Section: "post-register/DefaultRuntimePlugin of DefaultRuntimePlugin [roughlyenoughitems]/"
[13:46:12] [main/TRACE] [REI] [REIServerPlugin START] Reloading Section: "post-register/DefaultRuntimePlugin of DefaultRuntimePlugin [roughlyenoughitems]/" done in 8.255 μs
[13:46:12] [main/TRACE] [REI] [REIServerPlugin START] Reloading Section: "post-register/" done in 631.1 μs
[13:46:12] [main/TRACE] [REI] [REIServerPlugin START] Reloading Section: "post-stage/"
[13:46:12] [main/TRACE] [REI] [REIServerPlugin START] Reloading Section: "post-stage/MenuInfoRegistryImpl/"
[13:46:12] [main/TRACE] [REI] [REIServerPlugin START] Reloading Section: "post-stage/MenuInfoRegistryImpl/" done in 6.192 μs
[13:46:12] [main/TRACE] [REI] [REIServerPlugin START] Reloading Section: "post-stage/SlotAccessorRegistryImpl/"
[13:46:12] [main/TRACE] [REI] [REIServerPlugin START] Reloading Section: "post-stage/SlotAccessorRegistryImpl/" done in 5.110 μs
[13:46:12] [main/TRACE] [REI] [REIServerPlugin START] Reloading Section: "post-stage/" done in 256.5 μs
[13:46:12] [main/DEBUG] [REI] ========================================
[13:46:12] [main/INFO] [REI] REIServerPlugin finished post-reload for START in 1.185 ms, totaling 9.219 ms.
[13:46:12] [main/DEBUG] [REI] ========================================
[13:46:12] [main/DEBUG] [REI] ========================================
[13:46:12] [main/DEBUG] [REI] REIPlugin starting pre-reload for END.
[13:46:12] [main/DEBUG] [REI] Reloadables (7):
[13:46:12] [main/DEBUG] [REI]  - EntryTypeRegistryImpl
[13:46:12] [main/DEBUG] [REI]  - EntrySettingsAdapterRegistryImpl
[13:46:12] [main/DEBUG] [REI]  - RecipeManagerContextImpl
[13:46:12] [main/DEBUG] [REI]  - ItemComparatorRegistryImpl
[13:46:12] [main/DEBUG] [REI]  - FluidComparatorRegistryImpl
[13:46:12] [main/DEBUG] [REI]  - DisplaySerializerRegistryImpl
[13:46:12] [main/DEBUG] [REI]  - FluidSupportProviderImpl
[13:46:12] [main/DEBUG] [REI] Plugins (4):
[13:46:12] [main/DEBUG] [REI]  - (-100.00) DefaultPlugin of DefaultPlugin [roughlyenoughitems]
[13:46:12] [main/DEBUG] [REI]  - (0.00) FabricFluidAPISupportPlugin
[13:46:12] [main/DEBUG] [REI]  - (0.00) ReiCompat of ReiCompat [travelersbackpack]
[13:46:12] [main/DEBUG] [REI]  - (0.00) DefaultRuntimePlugin of DefaultRuntimePlugin [roughlyenoughitems]
[13:46:12] [main/DEBUG] [REI] ========================================
[13:46:12] [main/TRACE] [REI] [REIPlugin END] Reloading Section: "pre-register/"
[13:46:12] [main/TRACE] [REI] [REIPlugin END] Reloading Section: "pre-register/DefaultPlugin of DefaultPlugin [roughlyenoughitems]/"
[13:46:12] [main/TRACE] [REI] [REIPlugin END] Reloading Section: "pre-register/DefaultPlugin of DefaultPlugin [roughlyenoughitems]/" done in 9.828 μs
[13:46:12] [main/TRACE] [REI] [REIPlugin END] Reloading Section: "pre-register/FabricFluidAPISupportPlugin/"
[13:46:12] [main/TRACE] [REI] [REIPlugin END] Reloading Section: "pre-register/FabricFluidAPISupportPlugin/" done in 8.005 μs
[13:46:12] [main/TRACE] [REI] [REIPlugin END] Reloading Section: "pre-register/ReiCompat of ReiCompat [travelersbackpack]/"
[13:46:12] [main/TRACE] [REI] [REIPlugin END] Reloading Section: "pre-register/ReiCompat of ReiCompat [travelersbackpack]/" done in 8.115 μs
[13:46:12] [main/TRACE] [REI] [REIPlugin END] Reloading Section: "pre-register/DefaultRuntimePlugin of DefaultRuntimePlugin [roughlyenoughitems]/"
[13:46:12] [main/TRACE] [REI] [REIPlugin END] Reloading Section: "pre-register/DefaultRuntimePlugin of DefaultRuntimePlugin [roughlyenoughitems]/" done in 8.295 μs
[13:46:12] [main/TRACE] [REI] [REIPlugin END] Reloading Section: "pre-register/" done in 578.8 μs
[13:46:12] [main/TRACE] [REI] [REIPlugin END] Reloading Section: "pre-stage/"
[13:46:12] [main/TRACE] [REI] [REIPlugin END] Reloading Section: "pre-stage/EntryTypeRegistryImpl/"
[13:46:12] [main/TRACE] [REI] [REIPlugin END] Reloading Section: "pre-stage/EntryTypeRegistryImpl/" done in 6.112 μs
[13:46:12] [main/TRACE] [REI] [REIPlugin END] Reloading Section: "pre-stage/EntrySettingsAdapterRegistryImpl/"
[13:46:12] [main/TRACE] [REI] [REIPlugin END] Reloading Section: "pre-stage/EntrySettingsAdapterRegistryImpl/" done in 6.241 μs
[13:46:12] [main/TRACE] [REI] [REIPlugin END] Reloading Section: "pre-stage/RecipeManagerContextImpl/"
[13:46:12] [main/TRACE] [REI] [REIPlugin END] Reloading Section: "pre-stage/RecipeManagerContextImpl/" done in 6.572 μs
[13:46:12] [main/TRACE] [REI] [REIPlugin END] Reloading Section: "pre-stage/ItemComparatorRegistryImpl/"
[13:46:12] [main/TRACE] [REI] [REIPlugin END] Reloading Section: "pre-stage/ItemComparatorRegistryImpl/" done in 24.60 μs
[13:46:12] [main/TRACE] [REI] [REIPlugin END] Reloading Section: "pre-stage/FluidComparatorRegistryImpl/"
[13:46:12] [main/TRACE] [REI] [REIPlugin END] Reloading Section: "pre-stage/FluidComparatorRegistryImpl/" done in 17.03 μs
[13:46:12] [main/TRACE] [REI] [REIPlugin END] Reloading Section: "pre-stage/DisplaySerializerRegistryImpl/"
[13:46:12] [main/TRACE] [REI] [REIPlugin END] Reloading Section: "pre-stage/DisplaySerializerRegistryImpl/" done in 7.674 μs
[13:46:12] [main/TRACE] [REI] [REIPlugin END] Reloading Section: "pre-stage/FluidSupportProviderImpl/"
[13:46:12] [main/TRACE] [REI] [REIPlugin END] Reloading Section: "pre-stage/FluidSupportProviderImpl/" done in 7.233 μs
[13:46:12] [main/TRACE] [REI] [REIPlugin END] Reloading Section: "pre-stage/" done in 1.106 ms
[13:46:12] [main/DEBUG] [REI] ========================================
[13:46:12] [main/DEBUG] [REI] REIPlugin finished pre-reload for END in 2.024 ms.
[13:46:12] [main/DEBUG] [REI] ========================================
[13:46:12] [main/DEBUG] [REI] ========================================
[13:46:12] [main/DEBUG] [REI] REIServerPlugin starting pre-reload for END.
[13:46:12] [main/DEBUG] [REI] Reloadables (2):
[13:46:12] [main/DEBUG] [REI]  - MenuInfoRegistryImpl
[13:46:12] [main/DEBUG] [REI]  - SlotAccessorRegistryImpl
[13:46:12] [main/DEBUG] [REI] Plugins (4):
[13:46:12] [main/DEBUG] [REI]  - (-100.00) DefaultPlugin of DefaultPlugin [roughlyenoughitems]
[13:46:12] [main/DEBUG] [REI]  - (0.00) FabricFluidAPISupportPlugin
[13:46:12] [main/DEBUG] [REI]  - (0.00) ReiCompat of ReiCompat [travelersbackpack]
[13:46:12] [main/DEBUG] [REI]  - (0.00) DefaultRuntimePlugin of DefaultRuntimePlugin [roughlyenoughitems]
[13:46:12] [main/DEBUG] [REI] ========================================
[13:46:12] [main/TRACE] [REI] [REIServerPlugin END] Reloading Section: "pre-register/"
[13:46:12] [main/TRACE] [REI] [REIServerPlugin END] Reloading Section: "pre-register/DefaultPlugin of DefaultPlugin [roughlyenoughitems]/"
[13:46:12] [main/TRACE] [REI] [REIServerPlugin END] Reloading Section: "pre-register/DefaultPlugin of DefaultPlugin [roughlyenoughitems]/" done in 9.829 μs
[13:46:12] [main/TRACE] [REI] [REIServerPlugin END] Reloading Section: "pre-register/FabricFluidAPISupportPlugin/"
[13:46:12] [main/TRACE] [REI] [REIServerPlugin END] Reloading Section: "pre-register/FabricFluidAPISupportPlugin/" done in 8.395 μs
[13:46:12] [main/TRACE] [REI] [REIServerPlugin END] Reloading Section: "pre-register/ReiCompat of ReiCompat [travelersbackpack]/"
[13:46:12] [main/TRACE] [REI] [REIServerPlugin END] Reloading Section: "pre-register/ReiCompat of ReiCompat [travelersbackpack]/" done in 7.464 μs
[13:46:12] [main/TRACE] [REI] [REIServerPlugin END] Reloading Section: "pre-register/DefaultRuntimePlugin of DefaultRuntimePlugin [roughlyenoughitems]/"
[13:46:12] [main/TRACE] [REI] [REIServerPlugin END] Reloading Section: "pre-register/DefaultRuntimePlugin of DefaultRuntimePlugin [roughlyenoughitems]/" done in 7.334 μs
[13:46:12] [main/TRACE] [REI] [REIServerPlugin END] Reloading Section: "pre-register/" done in 700.6 μs
[13:46:12] [main/TRACE] [REI] [REIServerPlugin END] Reloading Section: "pre-stage/"
[13:46:12] [main/TRACE] [REI] [REIServerPlugin END] Reloading Section: "pre-stage/MenuInfoRegistryImpl/"
[13:46:12] [main/TRACE] [REI] [REIServerPlugin END] Reloading Section: "pre-stage/MenuInfoRegistryImpl/" done in 8.055 μs
[13:46:12] [main/TRACE] [REI] [REIServerPlugin END] Reloading Section: "pre-stage/SlotAccessorRegistryImpl/"
[13:46:12] [main/TRACE] [REI] [REIServerPlugin END] Reloading Section: "pre-stage/SlotAccessorRegistryImpl/" done in 6.271 μs
[13:46:12] [main/TRACE] [REI] [REIServerPlugin END] Reloading Section: "pre-stage/" done in 249.5 μs
[13:46:12] [main/DEBUG] [REI] ========================================
[13:46:12] [main/DEBUG] [REI] REIServerPlugin finished pre-reload for END in 1.197 ms.
[13:46:12] [main/DEBUG] [REI] ========================================
[13:46:12] [main/INFO] [REI] ----------------------------------------
[13:46:12] [main/INFO] [REI] REIPlugin starting main-reload for END.
[13:46:12] [main/DEBUG] [REI] Reloadables (7):
[13:46:12] [main/DEBUG] [REI]  - EntryTypeRegistryImpl
[13:46:12] [main/DEBUG] [REI]  - EntrySettingsAdapterRegistryImpl
[13:46:12] [main/DEBUG] [REI]  - RecipeManagerContextImpl
[13:46:12] [main/DEBUG] [REI]  - ItemComparatorRegistryImpl
[13:46:12] [main/DEBUG] [REI]  - FluidComparatorRegistryImpl
[13:46:12] [main/DEBUG] [REI]  - DisplaySerializerRegistryImpl
[13:46:12] [main/DEBUG] [REI]  - FluidSupportProviderImpl
[13:46:12] [main/INFO] [REI] Plugins (4):
[13:46:12] [main/INFO] [REI]  - (-100.00) DefaultPlugin of DefaultPlugin [roughlyenoughitems]
[13:46:12] [main/INFO] [REI]  - (0.00) FabricFluidAPISupportPlugin
[13:46:12] [main/INFO] [REI]  - (0.00) ReiCompat of ReiCompat [travelersbackpack]
[13:46:12] [main/INFO] [REI]  - (0.00) DefaultRuntimePlugin of DefaultRuntimePlugin [roughlyenoughitems]
[13:46:12] [main/INFO] [REI] ----------------------------------------
[13:46:12] [main/TRACE] [REI] [REIPlugin END] Reloading Section: "start-reload/"
[13:46:12] [main/TRACE] [REI] [REIPlugin END] Reloading Section: "start-reload/EntryTypeRegistryImpl/"
[13:46:12] [main/TRACE] [REI] [REIPlugin END] Reloading Section: "start-reload/EntryTypeRegistryImpl/" done in 7.023 μs
[13:46:12] [main/TRACE] [REI] [REIPlugin END] Reloading Section: "start-reload/EntrySettingsAdapterRegistryImpl/"
[13:46:12] [main/TRACE] [REI] [REIPlugin END] Reloading Section: "start-reload/EntrySettingsAdapterRegistryImpl/" done in 14.21 μs
[13:46:12] [main/TRACE] [REI] [REIPlugin END] Reloading Section: "start-reload/RecipeManagerContextImpl/"
[13:46:12] [main/TRACE] [REI] [REIPlugin END] Reloading Section: "start-reload/RecipeManagerContextImpl/" done in 19.28 μs
[13:46:12] [main/TRACE] [REI] [REIPlugin END] Reloading Section: "start-reload/ItemComparatorRegistryImpl/"
[13:46:12] [main/TRACE] [REI] [REIPlugin END] Reloading Section: "start-reload/ItemComparatorRegistryImpl/" done in 5.860 μs
[13:46:12] [main/TRACE] [REI] [REIPlugin END] Reloading Section: "start-reload/FluidComparatorRegistryImpl/"
[13:46:12] [main/TRACE] [REI] [REIPlugin END] Reloading Section: "start-reload/FluidComparatorRegistryImpl/" done in 9.428 μs
[13:46:12] [main/TRACE] [REI] [REIPlugin END] Reloading Section: "start-reload/DisplaySerializerRegistryImpl/"
[13:46:12] [main/TRACE] [REI] [REIPlugin END] Reloading Section: "start-reload/DisplaySerializerRegistryImpl/" done in 11.79 μs
[13:46:12] [main/TRACE] [REI] [REIPlugin END] Reloading Section: "start-reload/FluidSupportProviderImpl/"
[13:46:12] [main/TRACE] [REI] [REIPlugin END] Reloading Section: "start-reload/FluidSupportProviderImpl/" done in 7.504 μs
[13:46:12] [main/TRACE] [REI] [REIPlugin END] Reloading Section: "start-reload/" done in 1.038 ms
[13:46:12] [main/DEBUG] [REI] ========================================
[13:46:12] [main/DEBUG] [REI] REIPlugin started main-reload for END.
[13:46:12] [main/DEBUG] [REI] ========================================
[13:46:12] [main/TRACE] [REI] [REIPlugin END] Reloading Section: "reloadable-plugin/EntryTypeRegistryImpl/"
[13:46:12] [main/TRACE] [REI] [REIPlugin END] Reloading Section: "reloadable-plugin/EntryTypeRegistryImpl/DefaultPlugin of DefaultPlugin [roughlyenoughitems]/"
[13:46:12] [main/TRACE] [REI] [REIPlugin END] Reloading Section: "reloadable-plugin/EntryTypeRegistryImpl/DefaultPlugin of DefaultPlugin [roughlyenoughitems]/" done in 12.43 μs
[13:46:12] [main/TRACE] [REI] [REIPlugin END] Reloading Section: "reloadable-plugin/EntryTypeRegistryImpl/FabricFluidAPISupportPlugin/"
[13:46:12] [main/TRACE] [REI] [REIPlugin END] Reloading Section: "reloadable-plugin/EntryTypeRegistryImpl/FabricFluidAPISupportPlugin/" done in 10.67 μs
[13:46:12] [main/TRACE] [REI] [REIPlugin END] Reloading Section: "reloadable-plugin/EntryTypeRegistryImpl/ReiCompat of ReiCompat [travelersbackpack]/"
[13:46:12] [main/TRACE] [REI] [REIPlugin END] Reloading Section: "reloadable-plugin/EntryTypeRegistryImpl/ReiCompat of ReiCompat [travelersbackpack]/" done in 10.64 μs
[13:46:12] [main/TRACE] [REI] [REIPlugin END] Reloading Section: "reloadable-plugin/EntryTypeRegistryImpl/DefaultRuntimePlugin of DefaultRuntimePlugin [roughlyenoughitems]/"
[13:46:12] [main/TRACE] [REI] [REIPlugin END] Reloading Section: "reloadable-plugin/EntryTypeRegistryImpl/DefaultRuntimePlugin of DefaultRuntimePlugin [roughlyenoughitems]/" done in 10.21 μs
[13:46:12] [main/TRACE] [REI] [REIPlugin END] Reloading Section: "reloadable-plugin/EntryTypeRegistryImpl/" done in 537.0 μs
[13:46:12] [main/TRACE] [REI] [REIPlugin END] Reloading Section: "reloadable-plugin/EntrySettingsAdapterRegistryImpl/"
[13:46:12] [main/TRACE] [REI] [REIPlugin END] Reloading Section: "reloadable-plugin/EntrySettingsAdapterRegistryImpl/DefaultPlugin of DefaultPlugin [roughlyenoughitems]/"
[13:46:12] [main/TRACE] [REI] [REIPlugin END] Reloading Section: "reloadable-plugin/EntrySettingsAdapterRegistryImpl/DefaultPlugin of DefaultPlugin [roughlyenoughitems]/" done in 18.89 μs
[13:46:12] [main/TRACE] [REI] [REIPlugin END] Reloading Section: "reloadable-plugin/EntrySettingsAdapterRegistryImpl/FabricFluidAPISupportPlugin/"
[13:46:12] [main/TRACE] [REI] [REIPlugin END] Reloading Section: "reloadable-plugin/EntrySettingsAdapterRegistryImpl/FabricFluidAPISupportPlugin/" done in 12.28 μs
[13:46:12] [main/TRACE] [REI] [REIPlugin END] Reloading Section: "reloadable-plugin/EntrySettingsAdapterRegistryImpl/ReiCompat of ReiCompat [travelersbackpack]/"
[13:46:12] [main/TRACE] [REI] [REIPlugin END] Reloading Section: "reloadable-plugin/EntrySettingsAdapterRegistryImpl/ReiCompat of ReiCompat [travelersbackpack]/" done in 14.79 μs
[13:46:12] [main/TRACE] [REI] [REIPlugin END] Reloading Section: "reloadable-plugin/EntrySettingsAdapterRegistryImpl/DefaultRuntimePlugin of DefaultRuntimePlugin [roughlyenoughitems]/"
[13:46:12] [main/TRACE] [REI] [REIPlugin END] Reloading Section: "reloadable-plugin/EntrySettingsAdapterRegistryImpl/DefaultRuntimePlugin of DefaultRuntimePlugin [roughlyenoughitems]/" done in 11.33 μs
[13:46:12] [main/TRACE] [REI] [REIPlugin END] Reloading Section: "reloadable-plugin/EntrySettingsAdapterRegistryImpl/" done in 819.2 μs
[13:46:12] [main/TRACE] [REI] [REIPlugin END] Reloading Section: "reloadable-plugin/RecipeManagerContextImpl/"
[13:46:12] [main/TRACE] [REI] [REIPlugin END] Reloading Section: "reloadable-plugin/RecipeManagerContextImpl/DefaultPlugin of DefaultPlugin [roughlyenoughitems]/"
[13:46:12] [main/TRACE] [REI] [REIPlugin END] Reloading Section: "reloadable-plugin/RecipeManagerContextImpl/DefaultPlugin of DefaultPlugin [roughlyenoughitems]/" done in 13.45 μs
[13:46:12] [main/TRACE] [REI] [REIPlugin END] Reloading Section: "reloadable-plugin/RecipeManagerContextImpl/FabricFluidAPISupportPlugin/"
[13:46:12] [main/TRACE] [REI] [REIPlugin END] Reloading Section: "reloadable-plugin/RecipeManagerContextImpl/FabricFluidAPISupportPlugin/" done in 10.83 μs
[13:46:12] [main/TRACE] [REI] [REIPlugin END] Reloading Section: "reloadable-plugin/RecipeManagerContextImpl/ReiCompat of ReiCompat [travelersbackpack]/"
[13:46:12] [main/TRACE] [REI] [REIPlugin END] Reloading Section: "reloadable-plugin/RecipeManagerContextImpl/ReiCompat of ReiCompat [travelersbackpack]/" done in 11.44 μs
[13:46:12] [main/TRACE] [REI] [REIPlugin END] Reloading Section: "reloadable-plugin/RecipeManagerContextImpl/DefaultRuntimePlugin of DefaultRuntimePlugin [roughlyenoughitems]/"
[13:46:12] [main/TRACE] [REI] [REIPlugin END] Reloading Section: "reloadable-plugin/RecipeManagerContextImpl/DefaultRuntimePlugin of DefaultRuntimePlugin [roughlyenoughitems]/" done in 12.61 μs
[13:46:12] [main/TRACE] [REI] [REIPlugin END] Reloading Section: "reloadable-plugin/RecipeManagerContextImpl/" done in 889.0 μs
[13:46:12] [main/TRACE] [REI] [REIPlugin END] Reloading Section: "reloadable-plugin/ItemComparatorRegistryImpl/"
[13:46:12] [main/TRACE] [REI] [REIPlugin END] Reloading Section: "reloadable-plugin/ItemComparatorRegistryImpl/DefaultPlugin of DefaultPlugin [roughlyenoughitems]/"
[13:46:12] [main/TRACE] [REI] [REIPlugin END] Reloading Section: "reloadable-plugin/ItemComparatorRegistryImpl/DefaultPlugin of DefaultPlugin [roughlyenoughitems]/" done in 12.45 μs
[13:46:12] [main/TRACE] [REI] [REIPlugin END] Reloading Section: "reloadable-plugin/ItemComparatorRegistryImpl/FabricFluidAPISupportPlugin/"
[13:46:12] [main/TRACE] [REI] [REIPlugin END] Reloading Section: "reloadable-plugin/ItemComparatorRegistryImpl/FabricFluidAPISupportPlugin/" done in 12.56 μs
[13:46:12] [main/TRACE] [REI] [REIPlugin END] Reloading Section: "reloadable-plugin/ItemComparatorRegistryImpl/ReiCompat of ReiCompat [travelersbackpack]/"
[13:46:12] [main/TRACE] [REI] [REIPlugin END] Reloading Section: "reloadable-plugin/ItemComparatorRegistryImpl/ReiCompat of ReiCompat [travelersbackpack]/" done in 11.77 μs
[13:46:12] [main/TRACE] [REI] [REIPlugin END] Reloading Section: "reloadable-plugin/ItemComparatorRegistryImpl/DefaultRuntimePlugin of DefaultRuntimePlugin [roughlyenoughitems]/"
[13:46:12] [main/TRACE] [REI] [REIPlugin END] Reloading Section: "reloadable-plugin/ItemComparatorRegistryImpl/DefaultRuntimePlugin of DefaultRuntimePlugin [roughlyenoughitems]/" done in 11.56 μs
[13:46:12] [main/TRACE] [REI] [REIPlugin END] Reloading Section: "reloadable-plugin/ItemComparatorRegistryImpl/" done in 675.4 μs
[13:46:12] [main/TRACE] [REI] [REIPlugin END] Reloading Section: "reloadable-plugin/FluidComparatorRegistryImpl/"
[13:46:12] [main/TRACE] [REI] [REIPlugin END] Reloading Section: "reloadable-plugin/FluidComparatorRegistryImpl/DefaultPlugin of DefaultPlugin [roughlyenoughitems]/"
[13:46:12] [main/TRACE] [REI] [REIPlugin END] Reloading Section: "reloadable-plugin/FluidComparatorRegistryImpl/DefaultPlugin of DefaultPlugin [roughlyenoughitems]/" done in 10.44 μs
[13:46:12] [main/TRACE] [REI] [REIPlugin END] Reloading Section: "reloadable-plugin/FluidComparatorRegistryImpl/FabricFluidAPISupportPlugin/"
[13:46:12] [main/TRACE] [REI] [REIPlugin END] Reloading Section: "reloadable-plugin/FluidComparatorRegistryImpl/FabricFluidAPISupportPlugin/" done in 10.73 μs
[13:46:12] [main/TRACE] [REI] [REIPlugin END] Reloading Section: "reloadable-plugin/FluidComparatorRegistryImpl/ReiCompat of ReiCompat [travelersbackpack]/"
[13:46:12] [main/TRACE] [REI] [REIPlugin END] Reloading Section: "reloadable-plugin/FluidComparatorRegistryImpl/ReiCompat of ReiCompat [travelersbackpack]/" done in 10.27 μs
[13:46:12] [main/TRACE] [REI] [REIPlugin END] Reloading Section: "reloadable-plugin/FluidComparatorRegistryImpl/DefaultRuntimePlugin of DefaultRuntimePlugin [roughlyenoughitems]/"
[13:46:12] [main/TRACE] [REI] [REIPlugin END] Reloading Section: "reloadable-plugin/FluidComparatorRegistryImpl/DefaultRuntimePlugin of DefaultRuntimePlugin [roughlyenoughitems]/" done in 11.43 μs
[13:46:12] [main/TRACE] [REI] [REIPlugin END] Reloading Section: "reloadable-plugin/FluidComparatorRegistryImpl/" done in 619.1 μs
[13:46:12] [main/TRACE] [REI] [REIPlugin END] Reloading Section: "reloadable-plugin/DisplaySerializerRegistryImpl/"
[13:46:12] [main/TRACE] [REI] [REIPlugin END] Reloading Section: "reloadable-plugin/DisplaySerializerRegistryImpl/DefaultPlugin of DefaultPlugin [roughlyenoughitems]/"
[13:46:12] [main/TRACE] [REI] [REIPlugin END] Reloading Section: "reloadable-plugin/DisplaySerializerRegistryImpl/DefaultPlugin of DefaultPlugin [roughlyenoughitems]/" done in 14.84 ms
[13:46:12] [main/TRACE] [REI] [REIPlugin END] Reloading Section: "reloadable-plugin/DisplaySerializerRegistryImpl/FabricFluidAPISupportPlugin/"
[13:46:12] [main/TRACE] [REI] [REIPlugin END] Reloading Section: "reloadable-plugin/DisplaySerializerRegistryImpl/FabricFluidAPISupportPlugin/" done in 14.49 μs
[13:46:12] [main/TRACE] [REI] [REIPlugin END] Reloading Section: "reloadable-plugin/DisplaySerializerRegistryImpl/ReiCompat of ReiCompat [travelersbackpack]/"
[13:46:12] [main/TRACE] [REI] [REIPlugin END] Reloading Section: "reloadable-plugin/DisplaySerializerRegistryImpl/ReiCompat of ReiCompat [travelersbackpack]/" done in 12.37 μs
[13:46:12] [main/TRACE] [REI] [REIPlugin END] Reloading Section: "reloadable-plugin/DisplaySerializerRegistryImpl/DefaultRuntimePlugin of DefaultRuntimePlugin [roughlyenoughitems]/"
[13:46:12] [main/TRACE] [REI] [REIPlugin END] Reloading Section: "reloadable-plugin/DisplaySerializerRegistryImpl/DefaultRuntimePlugin of DefaultRuntimePlugin [roughlyenoughitems]/" done in 13.11 μs
[13:46:12] [main/TRACE] [REI] [REIPlugin END] Reloading Section: "reloadable-plugin/DisplaySerializerRegistryImpl/" done in 15.63 ms
[13:46:12] [main/TRACE] [REI] [REIPlugin END] Reloading Section: "reloadable-plugin/FluidSupportProviderImpl/"
[13:46:12] [main/TRACE] [REI] [REIPlugin END] Reloading Section: "reloadable-plugin/FluidSupportProviderImpl/DefaultPlugin of DefaultPlugin [roughlyenoughitems]/"
[13:46:12] [main/TRACE] [REI] [REIPlugin END] Reloading Section: "reloadable-plugin/FluidSupportProviderImpl/DefaultPlugin of DefaultPlugin [roughlyenoughitems]/" done in 23.00 μs
[13:46:12] [main/TRACE] [REI] [REIPlugin END] Reloading Section: "reloadable-plugin/FluidSupportProviderImpl/FabricFluidAPISupportPlugin/"
[13:46:12] [main/TRACE] [REI] [REIPlugin END] Reloading Section: "reloadable-plugin/FluidSupportProviderImpl/FabricFluidAPISupportPlugin/" done in 21.55 μs
[13:46:12] [main/TRACE] [REI] [REIPlugin END] Reloading Section: "reloadable-plugin/FluidSupportProviderImpl/ReiCompat of ReiCompat [travelersbackpack]/"
[13:46:12] [main/TRACE] [REI] [REIPlugin END] Reloading Section: "reloadable-plugin/FluidSupportProviderImpl/ReiCompat of ReiCompat [travelersbackpack]/" done in 18.68 μs
[13:46:12] [main/TRACE] [REI] [REIPlugin END] Reloading Section: "reloadable-plugin/FluidSupportProviderImpl/DefaultRuntimePlugin of DefaultRuntimePlugin [roughlyenoughitems]/"
[13:46:12] [main/TRACE] [REI] [REIPlugin END] Reloading Section: "reloadable-plugin/FluidSupportProviderImpl/DefaultRuntimePlugin of DefaultRuntimePlugin [roughlyenoughitems]/" done in 12.16 μs
[13:46:12] [main/TRACE] [REI] [REIPlugin END] Reloading Section: "reloadable-plugin/FluidSupportProviderImpl/" done in 664.4 μs
[13:46:12] [main/DEBUG] [REI] ========================================
[13:46:12] [main/DEBUG] [REI] REIPlugin ending main-reload for END.
[13:46:12] [main/DEBUG] [REI] ========================================
[13:46:12] [main/TRACE] [REI] [REIPlugin END] Reloading Section: "end-reload/"
[13:46:12] [main/TRACE] [REI] [REIPlugin END] Reloading Section: "end-reload/EntryTypeRegistryImpl/"
[13:46:12] [main/TRACE] [REI] [REIPlugin END] Reloading Section: "end-reload/EntryTypeRegistryImpl/" done in 23.21 μs
[13:46:12] [main/TRACE] [REI] [REIPlugin END] Reloading Section: "end-reload/EntrySettingsAdapterRegistryImpl/"
[13:46:12] [main/TRACE] [REI] [REIPlugin END] Reloading Section: "end-reload/EntrySettingsAdapterRegistryImpl/" done in 4.869 μs
[13:46:12] [main/TRACE] [REI] [REIPlugin END] Reloading Section: "end-reload/RecipeManagerContextImpl/"
[13:46:12] [main/TRACE] [REI] [REIPlugin END] Reloading Section: "end-reload/RecipeManagerContextImpl/" done in 4.368 μs
[13:46:12] [main/TRACE] [REI] [REIPlugin END] Reloading Section: "end-reload/ItemComparatorRegistryImpl/"
[13:46:12] [main/TRACE] [REI] [REIPlugin END] Reloading Section: "end-reload/ItemComparatorRegistryImpl/" done in 4.408 μs
[13:46:12] [main/TRACE] [REI] [REIPlugin END] Reloading Section: "end-reload/FluidComparatorRegistryImpl/"
[13:46:12] [main/TRACE] [REI] [REIPlugin END] Reloading Section: "end-reload/FluidComparatorRegistryImpl/" done in 4.198 μs
[13:46:12] [main/TRACE] [REI] [REIPlugin END] Reloading Section: "end-reload/DisplaySerializerRegistryImpl/"
[13:46:12] [main/TRACE] [REI] [REIPlugin END] Reloading Section: "end-reload/DisplaySerializerRegistryImpl/" done in 4.168 μs
[13:46:12] [main/TRACE] [REI] [REIPlugin END] Reloading Section: "end-reload/FluidSupportProviderImpl/"
[13:46:12] [main/TRACE] [REI] [REIPlugin END] Reloading Section: "end-reload/FluidSupportProviderImpl/" done in 4.198 μs
[13:46:12] [main/TRACE] [REI] [REIPlugin END] Reloading Section: "end-reload/" done in 625.6 μs
[13:46:12] [main/DEBUG] [REI] ========================================
[13:46:12] [main/DEBUG] [REI] REIPlugin ended main-reload for END in 25.64 ms.
[13:46:12] [main/DEBUG] [REI] ========================================
[13:46:12] [main/INFO] [REI] ========================================
[13:46:12] [main/INFO] [REI] REIServerPlugin starting main-reload for END.
[13:46:12] [main/DEBUG] [REI] Reloadables (2):
[13:46:12] [main/DEBUG] [REI]  - MenuInfoRegistryImpl
[13:46:12] [main/DEBUG] [REI]  - SlotAccessorRegistryImpl
[13:46:12] [main/INFO] [REI] Plugins (4):
[13:46:12] [main/INFO] [REI]  - (-100.00) DefaultPlugin of DefaultPlugin [roughlyenoughitems]
[13:46:12] [main/INFO] [REI]  - (0.00) FabricFluidAPISupportPlugin
[13:46:12] [main/INFO] [REI]  - (0.00) ReiCompat of ReiCompat [travelersbackpack]
[13:46:12] [main/INFO] [REI]  - (0.00) DefaultRuntimePlugin of DefaultRuntimePlugin [roughlyenoughitems]
[13:46:12] [main/INFO] [REI] ========================================
[13:46:12] [main/TRACE] [REI] [REIServerPlugin END] Reloading Section: "start-reload/"
[13:46:12] [main/TRACE] [REI] [REIServerPlugin END] Reloading Section: "start-reload/MenuInfoRegistryImpl/"
[13:46:12] [main/TRACE] [REI] [REIServerPlugin END] Reloading Section: "start-reload/MenuInfoRegistryImpl/" done in 16.31 μs
[13:46:12] [main/TRACE] [REI] [REIServerPlugin END] Reloading Section: "start-reload/SlotAccessorRegistryImpl/"
[13:46:12] [main/TRACE] [REI] [REIServerPlugin END] Reloading Section: "start-reload/SlotAccessorRegistryImpl/" done in 12.32 μs
[13:46:12] [main/TRACE] [REI] [REIServerPlugin END] Reloading Section: "start-reload/" done in 375.7 μs
[13:46:12] [main/DEBUG] [REI] ========================================
[13:46:12] [main/DEBUG] [REI] REIServerPlugin started main-reload for END.
[13:46:12] [main/DEBUG] [REI] ========================================
[13:46:12] [main/TRACE] [REI] [REIServerPlugin END] Reloading Section: "reloadable-plugin/MenuInfoRegistryImpl/"
[13:46:12] [main/TRACE] [REI] [REIServerPlugin END] Reloading Section: "reloadable-plugin/MenuInfoRegistryImpl/DefaultPlugin of DefaultPlugin [roughlyenoughitems]/"
[13:46:12] [main/TRACE] [REI] [REIServerPlugin END] Reloading Section: "reloadable-plugin/MenuInfoRegistryImpl/DefaultPlugin of DefaultPlugin [roughlyenoughitems]/" done in 19.88 μs
[13:46:12] [main/TRACE] [REI] [REIServerPlugin END] Reloading Section: "reloadable-plugin/MenuInfoRegistryImpl/FabricFluidAPISupportPlugin/"
[13:46:12] [main/TRACE] [REI] [REIServerPlugin END] Reloading Section: "reloadable-plugin/MenuInfoRegistryImpl/FabricFluidAPISupportPlugin/" done in 11.02 μs
[13:46:12] [main/TRACE] [REI] [REIServerPlugin END] Reloading Section: "reloadable-plugin/MenuInfoRegistryImpl/ReiCompat of ReiCompat [travelersbackpack]/"
[13:46:12] [main/DEBUG] [REI] Added menu info for class com.tiviacz.travelersbackpack.inventory.screen.TravelersBackpackBaseScreenHandler [minecraft:plugins/crafting]: me.shedaniel.rei.api.common.transfer.info.simple.SimpleMenuInfoProvider$$Lambda/0x00007162d51921e0@42bdf736
[13:46:12] [main/TRACE] [REI] [REIServerPlugin END] Reloading Section: "reloadable-plugin/MenuInfoRegistryImpl/ReiCompat of ReiCompat [travelersbackpack]/" done in 3.311 ms
[13:46:12] [main/TRACE] [REI] [REIServerPlugin END] Reloading Section: "reloadable-plugin/MenuInfoRegistryImpl/DefaultRuntimePlugin of DefaultRuntimePlugin [roughlyenoughitems]/"
[13:46:12] [main/TRACE] [REI] [REIServerPlugin END] Reloading Section: "reloadable-plugin/MenuInfoRegistryImpl/DefaultRuntimePlugin of DefaultRuntimePlugin [roughlyenoughitems]/" done in 10.28 μs
[13:46:12] [main/TRACE] [REI] [REIServerPlugin END] Reloading Section: "reloadable-plugin/MenuInfoRegistryImpl/" done in 3.839 ms
[13:46:12] [main/TRACE] [REI] [REIServerPlugin END] Reloading Section: "reloadable-plugin/SlotAccessorRegistryImpl/"
[13:46:12] [main/TRACE] [REI] [REIServerPlugin END] Reloading Section: "reloadable-plugin/SlotAccessorRegistryImpl/DefaultPlugin of DefaultPlugin [roughlyenoughitems]/"
[13:46:12] [main/TRACE] [REI] [REIServerPlugin END] Reloading Section: "reloadable-plugin/SlotAccessorRegistryImpl/DefaultPlugin of DefaultPlugin [roughlyenoughitems]/" done in 16.30 μs
[13:46:12] [main/TRACE] [REI] [REIServerPlugin END] Reloading Section: "reloadable-plugin/SlotAccessorRegistryImpl/FabricFluidAPISupportPlugin/"
[13:46:12] [main/TRACE] [REI] [REIServerPlugin END] Reloading Section: "reloadable-plugin/SlotAccessorRegistryImpl/FabricFluidAPISupportPlugin/" done in 10.43 μs
[13:46:12] [main/TRACE] [REI] [REIServerPlugin END] Reloading Section: "reloadable-plugin/SlotAccessorRegistryImpl/ReiCompat of ReiCompat [travelersbackpack]/"
[13:46:12] [main/TRACE] [REI] [REIServerPlugin END] Reloading Section: "reloadable-plugin/SlotAccessorRegistryImpl/ReiCompat of ReiCompat [travelersbackpack]/" done in 10.80 μs
[13:46:12] [main/TRACE] [REI] [REIServerPlugin END] Reloading Section: "reloadable-plugin/SlotAccessorRegistryImpl/DefaultRuntimePlugin of DefaultRuntimePlugin [roughlyenoughitems]/"
[13:46:12] [main/DEBUG] [REI] Added slot accessor serializer: me.shedaniel.rei.plugin.common.runtime.DefaultRuntimePlugin$1@868575e [roughlyenoughitems:vanilla]
[13:46:12] [main/DEBUG] [REI] Added slot accessor serializer: me.shedaniel.rei.plugin.common.runtime.DefaultRuntimePlugin$2@122aa132 [roughlyenoughitems:player]
[13:46:12] [main/TRACE] [REI] [REIServerPlugin END] Reloading Section: "reloadable-plugin/SlotAccessorRegistryImpl/DefaultRuntimePlugin of DefaultRuntimePlugin [roughlyenoughitems]/" done in 1.398 ms
[13:46:12] [main/TRACE] [REI] [REIServerPlugin END] Reloading Section: "reloadable-plugin/SlotAccessorRegistryImpl/" done in 1.943 ms
[13:46:12] [main/DEBUG] [REI] ========================================
[13:46:12] [main/DEBUG] [REI] REIServerPlugin ending main-reload for END.
[13:46:12] [main/DEBUG] [REI] ========================================
[13:46:12] [main/TRACE] [REI] [REIServerPlugin END] Reloading Section: "end-reload/"
[13:46:12] [main/TRACE] [REI] [REIServerPlugin END] Reloading Section: "end-reload/MenuInfoRegistryImpl/"
[13:46:12] [main/DEBUG] [REI] Registered 1 menu infos
[13:46:12] [main/TRACE] [REI] [REIServerPlugin END] Reloading Section: "end-reload/MenuInfoRegistryImpl/" done in 104.0 μs
[13:46:12] [main/TRACE] [REI] [REIServerPlugin END] Reloading Section: "end-reload/SlotAccessorRegistryImpl/"
[13:46:12] [main/DEBUG] [REI] Registered 2 slot accessor serializers
[13:46:12] [main/TRACE] [REI] [REIServerPlugin END] Reloading Section: "end-reload/SlotAccessorRegistryImpl/" done in 110.5 μs
[13:46:12] [main/TRACE] [REI] [REIServerPlugin END] Reloading Section: "end-reload/" done in 559.9 μs
[13:46:12] [main/DEBUG] [REI] ========================================
[13:46:12] [main/DEBUG] [REI] REIServerPlugin ended main-reload for END in 9.357 ms.
[13:46:12] [main/DEBUG] [REI] ========================================
[13:46:12] [main/DEBUG] [REI] ========================================
[13:46:12] [main/DEBUG] [REI] REIPlugin starting post-reload for END.
[13:46:12] [main/DEBUG] [REI] Reloadables (7):
[13:46:12] [main/DEBUG] [REI]  - EntryTypeRegistryImpl
[13:46:12] [main/DEBUG] [REI]  - EntrySettingsAdapterRegistryImpl
[13:46:12] [main/DEBUG] [REI]  - RecipeManagerContextImpl
[13:46:12] [main/DEBUG] [REI]  - ItemComparatorRegistryImpl
[13:46:12] [main/DEBUG] [REI]  - FluidComparatorRegistryImpl
[13:46:12] [main/DEBUG] [REI]  - DisplaySerializerRegistryImpl
[13:46:12] [main/DEBUG] [REI]  - FluidSupportProviderImpl
[13:46:12] [main/DEBUG] [REI] Plugins (4):
[13:46:12] [main/DEBUG] [REI]  - (-100.00) DefaultPlugin of DefaultPlugin [roughlyenoughitems]
[13:46:12] [main/DEBUG] [REI]  - (0.00) FabricFluidAPISupportPlugin
[13:46:12] [main/DEBUG] [REI]  - (0.00) ReiCompat of ReiCompat [travelersbackpack]
[13:46:12] [main/DEBUG] [REI]  - (0.00) DefaultRuntimePlugin of DefaultRuntimePlugin [roughlyenoughitems]
[13:46:12] [main/DEBUG] [REI] ========================================
[13:46:12] [main/TRACE] [REI] [REIPlugin END] Reloading Section: "post-register/"
[13:46:12] [main/TRACE] [REI] [REIPlugin END] Reloading Section: "post-register/DefaultPlugin of DefaultPlugin [roughlyenoughitems]/"
[13:46:12] [main/TRACE] [REI] [REIPlugin END] Reloading Section: "post-register/DefaultPlugin of DefaultPlugin [roughlyenoughitems]/" done in 18.46 μs
[13:46:12] [main/TRACE] [REI] [REIPlugin END] Reloading Section: "post-register/FabricFluidAPISupportPlugin/"
[13:46:12] [main/TRACE] [REI] [REIPlugin END] Reloading Section: "post-register/FabricFluidAPISupportPlugin/" done in 8.586 μs
[13:46:12] [main/TRACE] [REI] [REIPlugin END] Reloading Section: "post-register/ReiCompat of ReiCompat [travelersbackpack]/"
[13:46:12] [main/TRACE] [REI] [REIPlugin END] Reloading Section: "post-register/ReiCompat of ReiCompat [travelersbackpack]/" done in 7.995 μs
[13:46:12] [main/TRACE] [REI] [REIPlugin END] Reloading Section: "post-register/DefaultRuntimePlugin of DefaultRuntimePlugin [roughlyenoughitems]/"
[13:46:12] [main/TRACE] [REI] [REIPlugin END] Reloading Section: "post-register/DefaultRuntimePlugin of DefaultRuntimePlugin [roughlyenoughitems]/" done in 7.534 μs
[13:46:12] [main/TRACE] [REI] [REIPlugin END] Reloading Section: "post-register/" done in 547.8 μs
[13:46:12] [main/TRACE] [REI] [REIPlugin END] Reloading Section: "post-stage/"
[13:46:12] [main/TRACE] [REI] [REIPlugin END] Reloading Section: "post-stage/EntryTypeRegistryImpl/"
[13:46:12] [main/TRACE] [REI] [REIPlugin END] Reloading Section: "post-stage/EntryTypeRegistryImpl/" done in 5.731 μs
[13:46:12] [main/TRACE] [REI] [REIPlugin END] Reloading Section: "post-stage/EntrySettingsAdapterRegistryImpl/"
[13:46:12] [main/TRACE] [REI] [REIPlugin END] Reloading Section: "post-stage/EntrySettingsAdapterRegistryImpl/" done in 5.350 μs
[13:46:12] [main/TRACE] [REI] [REIPlugin END] Reloading Section: "post-stage/RecipeManagerContextImpl/"
[13:46:12] [main/TRACE] [REI] [REIPlugin END] Reloading Section: "post-stage/RecipeManagerContextImpl/" done in 5.410 μs
[13:46:12] [main/TRACE] [REI] [REIPlugin END] Reloading Section: "post-stage/ItemComparatorRegistryImpl/"
[13:46:12] [main/TRACE] [REI] [REIPlugin END] Reloading Section: "post-stage/ItemComparatorRegistryImpl/" done in 5.180 μs
[13:46:12] [main/TRACE] [REI] [REIPlugin END] Reloading Section: "post-stage/FluidComparatorRegistryImpl/"
[13:46:12] [main/TRACE] [REI] [REIPlugin END] Reloading Section: "post-stage/FluidComparatorRegistryImpl/" done in 5.330 μs
[13:46:12] [main/TRACE] [REI] [REIPlugin END] Reloading Section: "post-stage/DisplaySerializerRegistryImpl/"
[13:46:12] [main/TRACE] [REI] [REIPlugin END] Reloading Section: "post-stage/DisplaySerializerRegistryImpl/" done in 5.220 μs
[13:46:12] [main/TRACE] [REI] [REIPlugin END] Reloading Section: "post-stage/FluidSupportProviderImpl/"
[13:46:12] [main/TRACE] [REI] [REIPlugin END] Reloading Section: "post-stage/FluidSupportProviderImpl/" done in 5.531 μs
[13:46:12] [main/TRACE] [REI] [REIPlugin END] Reloading Section: "post-stage/" done in 730.9 μs
[13:46:12] [main/DEBUG] [REI] ========================================
[13:46:12] [main/INFO] [REI] REIPlugin finished post-reload for END in 1.458 ms, totaling 29.08 ms.
[13:46:12] [main/DEBUG] [REI] ========================================
[13:46:12] [main/DEBUG] [REI] ========================================
[13:46:12] [main/DEBUG] [REI] REIServerPlugin starting post-reload for END.
[13:46:12] [main/DEBUG] [REI] Reloadables (2):
[13:46:12] [main/DEBUG] [REI]  - MenuInfoRegistryImpl
[13:46:12] [main/DEBUG] [REI]  - SlotAccessorRegistryImpl
[13:46:12] [main/DEBUG] [REI] Plugins (4):
[13:46:12] [main/DEBUG] [REI]  - (-100.00) DefaultPlugin of DefaultPlugin [roughlyenoughitems]
[13:46:12] [main/DEBUG] [REI]  - (0.00) FabricFluidAPISupportPlugin
[13:46:12] [main/DEBUG] [REI]  - (0.00) ReiCompat of ReiCompat [travelersbackpack]
[13:46:12] [main/DEBUG] [REI]  - (0.00) DefaultRuntimePlugin of DefaultRuntimePlugin [roughlyenoughitems]
[13:46:12] [main/DEBUG] [REI] ========================================
[13:46:12] [main/TRACE] [REI] [REIServerPlugin END] Reloading Section: "post-register/"
[13:46:12] [main/TRACE] [REI] [REIServerPlugin END] Reloading Section: "post-register/DefaultPlugin of DefaultPlugin [roughlyenoughitems]/"
[13:46:12] [main/TRACE] [REI] [REIServerPlugin END] Reloading Section: "post-register/DefaultPlugin of DefaultPlugin [roughlyenoughitems]/" done in 8.285 μs
[13:46:12] [main/TRACE] [REI] [REIServerPlugin END] Reloading Section: "post-register/FabricFluidAPISupportPlugin/"
[13:46:12] [main/TRACE] [REI] [REIServerPlugin END] Reloading Section: "post-register/FabricFluidAPISupportPlugin/" done in 7.534 μs
[13:46:12] [main/TRACE] [REI] [REIServerPlugin END] Reloading Section: "post-register/ReiCompat of ReiCompat [travelersbackpack]/"
[13:46:12] [main/TRACE] [REI] [REIServerPlugin END] Reloading Section: "post-register/ReiCompat of ReiCompat [travelersbackpack]/" done in 6.812 μs
[13:46:12] [main/TRACE] [REI] [REIServerPlugin END] Reloading Section: "post-register/DefaultRuntimePlugin of DefaultRuntimePlugin [roughlyenoughitems]/"
[13:46:12] [main/TRACE] [REI] [REIServerPlugin END] Reloading Section: "post-register/DefaultRuntimePlugin of DefaultRuntimePlugin [roughlyenoughitems]/" done in 6.592 μs
[13:46:12] [main/TRACE] [REI] [REIServerPlugin END] Reloading Section: "post-register/" done in 444.6 μs
[13:46:12] [main/TRACE] [REI] [REIServerPlugin END] Reloading Section: "post-stage/"
[13:46:12] [main/TRACE] [REI] [REIServerPlugin END] Reloading Section: "post-stage/MenuInfoRegistryImpl/"
[13:46:12] [main/TRACE] [REI] [REIServerPlugin END] Reloading Section: "post-stage/MenuInfoRegistryImpl/" done in 5.911 μs
[13:46:12] [main/TRACE] [REI] [REIServerPlugin END] Reloading Section: "post-stage/SlotAccessorRegistryImpl/"
[13:46:12] [main/TRACE] [REI] [REIServerPlugin END] Reloading Section: "post-stage/SlotAccessorRegistryImpl/" done in 5.089 μs
[13:46:12] [main/TRACE] [REI] [REIServerPlugin END] Reloading Section: "post-stage/" done in 212.0 μs
[13:46:12] [main/DEBUG] [REI] ========================================
[13:46:12] [main/INFO] [REI] REIServerPlugin finished post-reload for END in 856.8 μs, totaling 11.38 ms.
[13:46:12] [main/DEBUG] [REI] ========================================
